#-----------------------------------------------------------
# Vivado v2019.2 (64-bit)
# SW Build 2708876 on Wed Nov  6 21:40:23 MST 2019
# IP Build 2700528 on Thu Nov  7 00:09:20 MST 2019
# Start of session at: Sun Sep  3 11:20:43 2023
# Process ID: 1568
# Current directory: D:/thisyear/bitmips_experiments/lab5/teach_soc
# Command line: vivado.exe D:\thisyear\bitmips_experiments\lab5\teach_soc\teach_soc.xpr
# Log file: D:/thisyear/bitmips_experiments/lab5/teach_soc/vivado.log
# Journal file: D:/thisyear/bitmips_experiments/lab5/teach_soc\vivado.jou
#-----------------------------------------------------------
start_gui
open_project D:/thisyear/bitmips_experiments/lab5/teach_soc/teach_soc.xpr
Scanning sources...
Finished scanning sources
INFO: [IP_Flow 19-234] Refreshing IP repositories
INFO: [IP_Flow 19-1704] No user IP repositories specified
INFO: [IP_Flow 19-2313] Loaded Vivado IP repository 'D:/verilog/Vivado/2019.2/data/ip'.
open_project: Time (s): cpu = 00:00:05 ; elapsed = 00:00:05 . Memory (MB): peak = 808.988 ; gain = 127.145
update_compile_order -fileset sources_1
WARNING: [IP_Flow 19-4067] Ignoring invalid widget type specified checkbox.Providing a default widget
WARNING: [IP_Flow 19-4067] Ignoring invalid widget type specified checkbox.Providing a default widget
exit
INFO: [Common 17-206] Exiting Vivado at Sun Sep  3 11:25:54 2023...
