Copyright 1986-2019 Xilinx, Inc. All Rights Reserved.
----------------------------------------------------------------------------------------
| Tool Version : Vivado v.2019.2 (win64) Build 2708876 Wed Nov  6 21:40:23 MST 2019
| Date         : Sun Sep  3 13:03:31 2023
| Host         : DESKTOP-J9AK86M running 64-bit major release  (build 9200)
| Command      : report_control_sets -verbose -file cpu_vga_top_control_sets_placed.rpt
| Design       : cpu_vga_top
| Device       : xc7k70t
----------------------------------------------------------------------------------------

Control Set Information

Table of Contents
-----------------
1. Summary
2. Histogram
3. Flip-Flop Distribution
4. Detailed Control Set Information

1. Summary
----------

+----------------------------------------------------------+-------+
|                          Status                          | Count |
+----------------------------------------------------------+-------+
| Total control sets                                       |     5 |
|    Minimum number of control sets                        |     5 |
|    Addition due to synthesis replication                 |     0 |
|    Addition due to physical synthesis replication        |     0 |
| Unused register locations in slices containing registers |    28 |
+----------------------------------------------------------+-------+
* Control sets can be merged at opt_design using control_set_merge or merge_equivalent_drivers
** Run report_qor_suggestions for automated merging and remapping suggestions


2. Histogram
------------

+--------------------+-------+
|       Fanout       | Count |
+--------------------+-------+
| Total control sets |     5 |
| >= 0 to < 4        |     2 |
| >= 4 to < 6        |     1 |
| >= 6 to < 8        |     0 |
| >= 8 to < 10       |     0 |
| >= 10 to < 12      |     2 |
| >= 12 to < 14      |     0 |
| >= 14 to < 16      |     0 |
| >= 16              |     0 |
+--------------------+-------+
* Control sets can be remapped at either synth_design or opt_design


3. Flip-Flop Distribution
-------------------------

+--------------+-----------------------+------------------------+-----------------+--------------+
| Clock Enable | Synchronous Set/Reset | Asynchronous Set/Reset | Total Registers | Total Slices |
+--------------+-----------------------+------------------------+-----------------+--------------+
| No           | No                    | No                     |               4 |            1 |
| No           | No                    | Yes                    |               0 |            0 |
| No           | Yes                   | No                     |              13 |            5 |
| Yes          | No                    | No                     |               0 |            0 |
| Yes          | No                    | Yes                    |               0 |            0 |
| Yes          | Yes                   | No                     |              11 |            4 |
+--------------+-----------------------+------------------------+-----------------+--------------+


4. Detailed Control Set Information
-----------------------------------

+---------------------------------+---------------+----------------------------+------------------+----------------+
|           Clock Signal          | Enable Signal |      Set/Reset Signal      | Slice Load Count | Bel Load Count |
+---------------------------------+---------------+----------------------------+------------------+----------------+
|  my_vga/u_clk_wiz/inst/clk_out1 |               | my_vga/p_0_in              |                1 |              1 |
|  my_vga/u_clk_wiz/inst/clk_out1 |               | my_vga/reg_vs_i_1_n_0      |                1 |              1 |
|  my_vga/u_clk_wiz/inst/clk_out1 |               |                            |                1 |              4 |
|  my_vga/u_clk_wiz/inst/clk_out1 |               | test_cpu/cpu_regfile/AR[0] |                3 |             11 |
|  my_vga/u_clk_wiz/inst/clk_out1 | my_vga/v_cur  | test_cpu/cpu_regfile/AR[0] |                4 |             11 |
+---------------------------------+---------------+----------------------------+------------------+----------------+


