Copyright 1986-2019 Xilinx, Inc. All Rights Reserved.
-----------------------------------------------------------------------------------------------------------------------------------------------------------------------
| Tool Version : Vivado v.2019.2 (win64) Build 2708876 Wed Nov  6 21:40:23 MST 2019
| Date         : Sun Sep  3 13:03:42 2023
| Host         : DESKTOP-J9AK86M running 64-bit major release  (build 9200)
| Command      : report_methodology -file cpu_vga_top_methodology_drc_routed.rpt -pb cpu_vga_top_methodology_drc_routed.pb -rpx cpu_vga_top_methodology_drc_routed.rpx
| Design       : cpu_vga_top
| Device       : xc7k70tfbv676-1
| Speed File   : -1
| Design State : Fully Routed
-----------------------------------------------------------------------------------------------------------------------------------------------------------------------

Report Methodology

Table of Contents
-----------------
1. REPORT SUMMARY
2. REPORT DETAILS

1. REPORT SUMMARY
-----------------
            Netlist: netlist
          Floorplan: design_1
      Design limits: <entire design considered>
             Max violations: <unlimited>
             Violations found: 1
+----------+------------------+----------------------------------+------------+
| Rule     | Severity         | Description                      | Violations |
+----------+------------------+----------------------------------+------------+
| TIMING-2 | Critical Warning | Invalid primary clock source pin | 1          |
+----------+------------------+----------------------------------+------------+

2. REPORT DETAILS
-----------------
TIMING-2#1 Critical Warning
Invalid primary clock source pin  
A primary clock my_vga/u_clk_wiz/inst/clk_in1 is created on an inappropriate pin my_vga/u_clk_wiz/inst/clk_in1. It is recommended to create a primary clock only on a proper clock source (input port or primitive output pin with no timing arc)
Related violations: <none>


