Vivado Simulator 2019.2
Copyright 1986-1999, 2001-2019 Xilinx, Inc. All Rights Reserved.
Running: D:/verilog/Vivado/2019.2/bin/unwrapped/win64.o/xelab.exe -wto 2f6e249b90b546cd9d9e3633401c2827 --incr --debug typical --relax --mt 2 -L xil_defaultlib -L unisims_ver -L unimacro_ver -L secureip --snapshot cpu_tb_behav xil_defaultlib.cpu_tb xil_defaultlib.glbl -log elaborate.log 
Using 2 slave threads.
Starting static elaboration
Pass Through NonSizing Optimizer
WARNING: [VRFC 10-3091] actual bit length 5 differs from formal bit length 32 for port 'src1' [D:/thisyear/cpu_task/cpu_part/cpu_part.srcs/sources_1/new/cpu.v:270]
WARNING: [VRFC 10-3091] actual bit length 5 differs from formal bit length 32 for port 'src2' [D:/thisyear/cpu_task/cpu_part/cpu_part.srcs/sources_1/new/cpu.v:271]
WARNING: [VRFC 10-3091] actual bit length 5 differs from formal bit length 32 for port 'out' [D:/thisyear/cpu_task/cpu_part/cpu_part.srcs/sources_1/new/cpu.v:273]
WARNING: [VRFC 10-3091] actual bit length 32 differs from formal bit length 5 for port 'ram_addr' [D:/thisyear/cpu_task/cpu_part/cpu_part.srcs/sources_1/new/cpu.v:302]
WARNING: [VRFC 10-3091] actual bit length 1 differs from formal bit length 5 for port 'reg_dst_d' [D:/thisyear/cpu_task/cpu_part/cpu_part.srcs/sources_1/new/cpu.v:332]
WARNING: [VRFC 10-3091] actual bit length 1 differs from formal bit length 5 for port 'reg_dst_e' [D:/thisyear/cpu_task/cpu_part/cpu_part.srcs/sources_1/new/cpu.v:346]
Completed static elaboration
Starting simulation data flow analysis
Completed simulation data flow analysis
Time Resolution for simulation is 1ps
Compiling module xil_defaultlib.ROM
Compiling module xil_defaultlib.mux2_1_32
Compiling module xil_defaultlib.PC
Compiling module xil_defaultlib.pc_plus4
Compiling module xil_defaultlib.F_D
Compiling module xil_defaultlib.control
Compiling module xil_defaultlib.regfile
Compiling module xil_defaultlib.signextend
Compiling module xil_defaultlib.forwarding_unit
Compiling module xil_defaultlib.mux2_1_5
Compiling module xil_defaultlib.ALU
Compiling module xil_defaultlib.pc_plus
Compiling module xil_defaultlib.RAM
Compiling module xil_defaultlib.judge_is_jmp
Compiling module xil_defaultlib.D_E
Compiling module xil_defaultlib.E_M
Compiling module xil_defaultlib.M_W
Compiling module xil_defaultlib.cpu
Compiling module xil_defaultlib.cpu_tb
Compiling module xil_defaultlib.glbl
Built simulation snapshot cpu_tb_behav
