INFO: [VRFC 10-2263] Analyzing Verilog file "D:/thisyear/bitmips_experiments/lab5/teach_soc/teach_soc.srcs/sources_1/ip/data_ram/sim/data_ram.v" into library xil_defaultlib
INFO: [VRFC 10-311] analyzing module data_ram
INFO: [VRFC 10-2263] Analyzing Verilog file "D:/thisyear/bitmips_experiments/lab5/teach_soc/teach_soc.srcs/sources_1/ip/inst_ram/sim/inst_ram.v" into library xil_defaultlib
INFO: [VRFC 10-311] analyzing module inst_ram
INFO: [VRFC 10-2263] Analyzing Verilog file "D:/thisyear/bitmips_experiments/lab5/teach_soc/teach_soc.srcs/sources_1/ip/clk_pll/clk_pll_clk_wiz.v" into library xil_defaultlib
INFO: [VRFC 10-311] analyzing module clk_pll_clk_wiz
INFO: [VRFC 10-2263] Analyzing Verilog file "D:/thisyear/bitmips_experiments/lab5/teach_soc/teach_soc.srcs/sources_1/ip/clk_pll/clk_pll.v" into library xil_defaultlib
INFO: [VRFC 10-311] analyzing module clk_pll
INFO: [VRFC 10-2263] Analyzing Verilog file "D:/thisyear/bitmips_experiments/lab5/teach_soc/teach_soc.srcs/sources_1/new/myCPU/ALU.v" into library xil_defaultlib
INFO: [VRFC 10-311] analyzing module ALU
INFO: [VRFC 10-2263] Analyzing Verilog file "D:/thisyear/bitmips_experiments/lab5/teach_soc/teach_soc.srcs/sources_1/new/myCPU/D_E.v" into library xil_defaultlib
INFO: [VRFC 10-311] analyzing module D_E
INFO: [VRFC 10-2263] Analyzing Verilog file "D:/thisyear/bitmips_experiments/lab5/teach_soc/teach_soc.srcs/sources_1/new/myCPU/E_M.v" into library xil_defaultlib
INFO: [VRFC 10-311] analyzing module E_M
INFO: [VRFC 10-2263] Analyzing Verilog file "D:/thisyear/bitmips_experiments/lab5/teach_soc/teach_soc.srcs/sources_1/new/myCPU/F_D.v" into library xil_defaultlib
INFO: [VRFC 10-311] analyzing module F_D
INFO: [VRFC 10-2263] Analyzing Verilog file "D:/thisyear/bitmips_experiments/lab5/teach_soc/teach_soc.srcs/sources_1/new/myCPU/M_W.v" into library xil_defaultlib
INFO: [VRFC 10-311] analyzing module M_W
INFO: [VRFC 10-2263] Analyzing Verilog file "D:/thisyear/bitmips_experiments/lab5/teach_soc/teach_soc.srcs/sources_1/new/bridge/bridge_1x2.v" into library xil_defaultlib
INFO: [VRFC 10-311] analyzing module bridge_1x2
INFO: [VRFC 10-2263] Analyzing Verilog file "D:/thisyear/bitmips_experiments/lab5/teach_soc/teach_soc.srcs/sources_1/new/confreg/confeg.v" into library xil_defaultlib
INFO: [VRFC 10-311] analyzing module confreg
INFO: [VRFC 10-2263] Analyzing Verilog file "D:/thisyear/bitmips_experiments/lab5/teach_soc/teach_soc.srcs/sources_1/new/myCPU/control.v" into library xil_defaultlib
INFO: [VRFC 10-311] analyzing module control
INFO: [VRFC 10-2263] Analyzing Verilog file "D:/thisyear/bitmips_experiments/lab5/teach_soc/teach_soc.srcs/sources_1/new/myCPU/cpu.v" into library xil_defaultlib
INFO: [VRFC 10-311] analyzing module D_E
WARNING: [VRFC 10-3609] overwriting previous definition of module 'D_E' [D:/thisyear/bitmips_experiments/lab5/teach_soc/teach_soc.srcs/sources_1/new/myCPU/D_E.v:23]
INFO: [VRFC 10-311] analyzing module E_M
WARNING: [VRFC 10-3609] overwriting previous definition of module 'E_M' [D:/thisyear/bitmips_experiments/lab5/teach_soc/teach_soc.srcs/sources_1/new/myCPU/E_M.v:23]
INFO: [VRFC 10-311] analyzing module F_D
WARNING: [VRFC 10-3609] overwriting previous definition of module 'F_D' [D:/thisyear/bitmips_experiments/lab5/teach_soc/teach_soc.srcs/sources_1/new/myCPU/F_D.v:23]
INFO: [VRFC 10-311] analyzing module M_W
WARNING: [VRFC 10-3609] overwriting previous definition of module 'M_W' [D:/thisyear/bitmips_experiments/lab5/teach_soc/teach_soc.srcs/sources_1/new/myCPU/M_W.v:23]
INFO: [VRFC 10-311] analyzing module ALU
WARNING: [VRFC 10-3609] overwriting previous definition of module 'ALU' [D:/thisyear/bitmips_experiments/lab5/teach_soc/teach_soc.srcs/sources_1/new/myCPU/ALU.v:1]
INFO: [VRFC 10-311] analyzing module D_E
INFO: [VRFC 10-311] analyzing module E_M
INFO: [VRFC 10-311] analyzing module F_D
INFO: [VRFC 10-311] analyzing module M_W
INFO: [VRFC 10-311] analyzing module ALU
INFO: [VRFC 10-311] analyzing module RAM
INFO: [VRFC 10-311] analyzing module judge_is_jmp
INFO: [VRFC 10-311] analyzing module mux2_1_32
INFO: [VRFC 10-311] analyzing module mux2_1_5
INFO: [VRFC 10-311] analyzing module ROM
INFO: [VRFC 10-311] analyzing module pc_plus4
INFO: [VRFC 10-311] analyzing module is_stall
INFO: [VRFC 10-311] analyzing module pc_plus
INFO: [VRFC 10-311] analyzing module PC
INFO: [VRFC 10-311] analyzing module cpu_part
INFO: [VRFC 10-311] analyzing module control
WARNING: [VRFC 10-3609] overwriting previous definition of module 'control' [D:/thisyear/bitmips_experiments/lab5/teach_soc/teach_soc.srcs/sources_1/new/myCPU/control.v:3]
INFO: [VRFC 10-311] analyzing module regfile
INFO: [VRFC 10-311] analyzing module signextend
INFO: [VRFC 10-311] analyzing module jal_mux_32
INFO: [VRFC 10-311] analyzing module jal_mux_5
INFO: [VRFC 10-311] analyzing module pre_read
INFO: [VRFC 10-311] analyzing module mycpu_top
WARNING: [VRFC 10-3248] data object 'ram_rd' is already declared [D:/thisyear/bitmips_experiments/lab5/teach_soc/teach_soc.srcs/sources_1/new/myCPU/cpu.v:133]
WARNING: [VRFC 10-3703] second declaration of 'ram_rd' ignored [D:/thisyear/bitmips_experiments/lab5/teach_soc/teach_soc.srcs/sources_1/new/myCPU/cpu.v:133]
WARNING: [VRFC 10-3248] data object 'alu_src_e' is already declared [D:/thisyear/bitmips_experiments/lab5/teach_soc/teach_soc.srcs/sources_1/new/myCPU/cpu.v:142]
WARNING: [VRFC 10-3703] second declaration of 'alu_src_e' ignored [D:/thisyear/bitmips_experiments/lab5/teach_soc/teach_soc.srcs/sources_1/new/myCPU/cpu.v:142]
WARNING: [VRFC 10-3248] data object 'reg_dst_e' is already declared [D:/thisyear/bitmips_experiments/lab5/teach_soc/teach_soc.srcs/sources_1/new/myCPU/cpu.v:143]
WARNING: [VRFC 10-3703] second declaration of 'reg_dst_e' ignored [D:/thisyear/bitmips_experiments/lab5/teach_soc/teach_soc.srcs/sources_1/new/myCPU/cpu.v:143]
INFO: [VRFC 10-2263] Analyzing Verilog file "D:/thisyear/bitmips_experiments/lab5/teach_soc/teach_soc.srcs/sources_1/new/myCPU/cpu_part.v" into library xil_defaultlib
INFO: [VRFC 10-311] analyzing module D_E
INFO: [VRFC 10-311] analyzing module E_M
INFO: [VRFC 10-311] analyzing module F_D
INFO: [VRFC 10-311] analyzing module M_W
INFO: [VRFC 10-311] analyzing module ALU
INFO: [VRFC 10-311] analyzing module RAM
WARNING: [VRFC 10-3609] overwriting previous definition of module 'RAM' [D:/thisyear/bitmips_experiments/lab5/teach_soc/teach_soc.srcs/sources_1/new/myCPU/cpu_part.v:29]
INFO: [VRFC 10-311] analyzing module judge_is_jmp
WARNING: [VRFC 10-3609] overwriting previous definition of module 'judge_is_jmp' [D:/thisyear/bitmips_experiments/lab5/teach_soc/teach_soc.srcs/sources_1/new/myCPU/cpu_part.v:61]
INFO: [VRFC 10-311] analyzing module mux2_1_32
WARNING: [VRFC 10-3609] overwriting previous definition of module 'mux2_1_32' [D:/thisyear/bitmips_experiments/lab5/teach_soc/teach_soc.srcs/sources_1/new/myCPU/cpu_part.v:115]
INFO: [VRFC 10-311] analyzing module mux2_1_5
WARNING: [VRFC 10-3609] overwriting previous definition of module 'mux2_1_5' [D:/thisyear/bitmips_experiments/lab5/teach_soc/teach_soc.srcs/sources_1/new/myCPU/cpu_part.v:139]
INFO: [VRFC 10-311] analyzing module ROM
WARNING: [VRFC 10-3609] overwriting previous definition of module 'ROM' [D:/thisyear/bitmips_experiments/lab5/teach_soc/teach_soc.srcs/sources_1/new/myCPU/cpu_part.v:162]
INFO: [VRFC 10-311] analyzing module pc_plus4
WARNING: [VRFC 10-3609] overwriting previous definition of module 'pc_plus4' [D:/thisyear/bitmips_experiments/lab5/teach_soc/teach_soc.srcs/sources_1/new/myCPU/cpu_part.v:187]
INFO: [VRFC 10-311] analyzing module is_stall
WARNING: [VRFC 10-3609] overwriting previous definition of module 'is_stall' [D:/thisyear/bitmips_experiments/lab5/teach_soc/teach_soc.srcs/sources_1/new/myCPU/cpu_part.v:210]
INFO: [VRFC 10-311] analyzing module pc_plus
WARNING: [VRFC 10-3609] overwriting previous definition of module 'pc_plus' [D:/thisyear/bitmips_experiments/lab5/teach_soc/teach_soc.srcs/sources_1/new/myCPU/cpu_part.v:235]
INFO: [VRFC 10-311] analyzing module PC
WARNING: [VRFC 10-3609] overwriting previous definition of module 'PC' [D:/thisyear/bitmips_experiments/lab5/teach_soc/teach_soc.srcs/sources_1/new/myCPU/cpu_part.v:265]
INFO: [VRFC 10-311] analyzing module cpu_part
WARNING: [VRFC 10-3609] overwriting previous definition of module 'cpu_part' [D:/thisyear/bitmips_experiments/lab5/teach_soc/teach_soc.srcs/sources_1/new/myCPU/cpu_part.v:292]
INFO: [VRFC 10-2263] Analyzing Verilog file "D:/thisyear/bitmips_experiments/lab5/teach_soc/teach_soc.srcs/sources_1/new/myCPU/forwarding_unit .v" into library xil_defaultlib
INFO: [VRFC 10-311] analyzing module forwarding_unit
INFO: [VRFC 10-2263] Analyzing Verilog file "D:/thisyear/bitmips_experiments/lab5/teach_soc/teach_soc.srcs/sources_1/new/myCPU/jal_mux.v" into library xil_defaultlib
INFO: [VRFC 10-311] analyzing module jal_mux_32
WARNING: [VRFC 10-3609] overwriting previous definition of module 'jal_mux_32' [D:/thisyear/bitmips_experiments/lab5/teach_soc/teach_soc.srcs/sources_1/new/myCPU/jal_mux.v:1]
INFO: [VRFC 10-311] analyzing module jal_mux_5
WARNING: [VRFC 10-3609] overwriting previous definition of module 'jal_mux_5' [D:/thisyear/bitmips_experiments/lab5/teach_soc/teach_soc.srcs/sources_1/new/myCPU/jal_mux.v:22]
INFO: [VRFC 10-2263] Analyzing Verilog file "D:/thisyear/bitmips_experiments/lab5/teach_soc/teach_soc.srcs/sources_1/new/myCPU/pre_read.v" into library xil_defaultlib
INFO: [VRFC 10-311] analyzing module pre_read
WARNING: [VRFC 10-3609] overwriting previous definition of module 'pre_read' [D:/thisyear/bitmips_experiments/lab5/teach_soc/teach_soc.srcs/sources_1/new/myCPU/pre_read.v:1]
INFO: [VRFC 10-2263] Analyzing Verilog file "D:/thisyear/bitmips_experiments/lab5/teach_soc/teach_soc.srcs/sources_1/new/myCPU/regfile.v" into library xil_defaultlib
INFO: [VRFC 10-311] analyzing module regfile
WARNING: [VRFC 10-3609] overwriting previous definition of module 'regfile' [D:/thisyear/bitmips_experiments/lab5/teach_soc/teach_soc.srcs/sources_1/new/myCPU/regfile.v:3]
INFO: [VRFC 10-2263] Analyzing Verilog file "D:/thisyear/bitmips_experiments/lab5/teach_soc/teach_soc.srcs/sources_1/new/myCPU/signextend.v" into library xil_defaultlib
INFO: [VRFC 10-311] analyzing module signextend
WARNING: [VRFC 10-3609] overwriting previous definition of module 'signextend' [D:/thisyear/bitmips_experiments/lab5/teach_soc/teach_soc.srcs/sources_1/new/myCPU/signextend.v:3]
INFO: [VRFC 10-2263] Analyzing Verilog file "D:/thisyear/bitmips_experiments/lab5/teach_soc/teach_soc.srcs/sources_1/new/teach_soc_top.v" into library xil_defaultlib
INFO: [VRFC 10-311] analyzing module teach_soc_top
INFO: [VRFC 10-2263] Analyzing Verilog file "D:/thisyear/bitmips_experiments/lab5/teach_soc/teach_soc.srcs/sim_1/new/trace_tb.v" into library xil_defaultlib
INFO: [VRFC 10-311] analyzing module tb_top
