#
# A fatal error has been detected by the Java Runtime Environment:
#
#  EXCEPTION_ACCESS_VIOLATION (0xc0000005) at pc=0x00007ffb9d3bdb50, pid=10260, tid=18388
#
# JRE version: Java(TM) SE Runtime Environment (9.0+11) (build 9.0.4+11)
# Java VM: Java HotSpot(TM) 64-Bit Server VM (9.0.4+11, mixed mode, tiered, compressed oops, g1 gc, windows-amd64)
# Problematic frame:
# C  0x00007ffb9d3bdb50
#
# No core dump will be written. Minidumps are not enabled by default on client versions of Windows
#
# If you would like to submit a bug report, please visit:
#   http://bugreport.java.com/bugreport/crash.jsp
# The crash happened outside the Java Virtual Machine in native code.
# See problematic frame for where to report the bug.
#

---------------  S U M M A R Y ------------

Command Line: -Dsun.java2d.pmoffscreen=false -Dsun.java2d.xrender=false -Dsun.java2d.d3d=false -Dsun.awt.nopixfmt=true -Dsun.java2d.dpiaware=true -Dsun.java2d.uiScale.enabled=false -Xverify:none -Dswing.aatext=true -XX:-UsePerfData -Djdk.map.althashing.threshold=512 -XX:StringTableSize=4072 --add-opens=java.base/java.nio=ALL-UNNAMED --add-opens=java.desktop/sun.swing=ALL-UNNAMED --add-opens=java.desktop/javax.swing=ALL-UNNAMED --add-opens=java.desktop/javax.swing.tree=ALL-UNNAMED --add-opens=java.desktop/javax.swing.plaf.basic=ALL-UNNAMED --add-opens=java.desktop/javax.swing.plaf.synth=ALL-UNNAMED --add-opens=java.desktop/com.sun.awt=ALL-UNNAMED -XX:NewSize=60m -XX:MaxNewSize=60m -Xms128m -Xmx3072m -Xss5m 

Host: AMD Ryzen 7 5800H with Radeon Graphics         , 16 cores, 15G,  Windows 10 , 64 bit Build 22621 (10.0.22621.2070)
Time: Sat Sep 02 15:23:16 2023 ?D1¨²¡À¨º¡Á?¨º¡À?? elapsed time: 859 seconds (0d 0h 14m 19s)

---------------  T H R E A D  ---------------

Current thread (0x0000019c42920000):  JavaThread "AWT-EventQueue-1" [_thread_in_native, id=18388, stack(0x0000009b63e00000,0x0000009b64300000)]

Stack: [0x0000009b63e00000,0x0000009b64300000],  sp=0x0000009b642f3d68,  free space=5071k
Native frames: (J=compiled Java code, j=interpreted, Vv=VM code, C=native code)
C  0x00007ffb9d3bdb50

Java frames: (J=compiled Java code, j=interpreted, Vv=VM code)
J 17062  ui.views.waveform.waveformi.WVExecutive_getGraphicsDataSize(J)J (0 bytes) @ 0x0000019c3346dba1 [0x0000019c3346db60+0x0000000000000041]
J 17061 c1 ui.views.waveform.executive.a.gZe()Ljava/io/ByteArrayInputStream; (93 bytes) @ 0x0000019c2d79d12c [0x0000019c2d79d040+0x00000000000000ec]
J 17060 c1 ui.views.waveform.b.a.gYQ()V (142 bytes) @ 0x0000019c2d7a0234 [0x0000019c2d7a0120+0x0000000000000114]
J 17511 c1 ui.views.waveform.w.cZO()V (38 bytes) @ 0x0000019c2bf38b6c [0x0000019c2bf38400+0x000000000000076c]
J 16971 c1 ui.views.waveform.c.b.j(Lui/frmwork/b/i;)V (603 bytes) @ 0x0000019c2d75b83c [0x0000019c2d752120+0x000000000000971c]
J 16970 c1 ui.views.waveform.w.a(Lui/frmwork/b/i;)V (17 bytes) @ 0x0000019c2d750c94 [0x0000019c2d750bc0+0x00000000000000d4]
J 14172 c1 ui.frmwork.b.l.d(Lui/frmwork/b/i;)V (61 bytes) @ 0x0000019c2c732f9c [0x0000019c2c732740+0x000000000000085c]
J 23325 c2 ui.frmwork.G.i(JZ)V (471 bytes) @ 0x0000019c33a87010 [0x0000019c33a85820+0x00000000000017f0]
J 14153 c1 ui.frmwork.G.fireTclEvent(J)I (113 bytes) @ 0x0000019c2c75a7cc [0x0000019c2c759fc0+0x000000000000080c]
v  ~StubRoutines::call_stub
j  ui.views.waveform.waveformi.WVExecutive_processModelEvent(JJ)V+0
j  ui.views.waveform.executive.a.eR(J)V+5
j  ui.views.waveform.c.b.eQ(J)V+8
J 16971 c1 ui.views.waveform.c.b.j(Lui/frmwork/b/i;)V (603 bytes) @ 0x0000019c2d75c574 [0x0000019c2d752120+0x000000000000a454]
J 16970 c1 ui.views.waveform.w.a(Lui/frmwork/b/i;)V (17 bytes) @ 0x0000019c2d750c94 [0x0000019c2d750bc0+0x00000000000000d4]
J 14172 c1 ui.frmwork.b.l.d(Lui/frmwork/b/i;)V (61 bytes) @ 0x0000019c2c732f9c [0x0000019c2c732740+0x000000000000085c]
J 23325 c2 ui.frmwork.G.i(JZ)V (471 bytes) @ 0x0000019c33a87010 [0x0000019c33a85820+0x00000000000017f0]
J 14153 c1 ui.frmwork.G.fireTclEvent(J)I (113 bytes) @ 0x0000019c2c75a7cc [0x0000019c2c759fc0+0x000000000000080c]
v  ~StubRoutines::call_stub
j  ui.views.waveform.waveformi.WVExecutive_processModelEvent(JJ)V+0
j  ui.views.waveform.executive.a.eR(J)V+5
j  ui.views.waveform.c.b.eQ(J)V+8
j  ui.views.waveform.c.e.actionPerformed(Ljava/awt/event/ActionEvent;)V+8
J 20933 c2 javax.swing.Timer.fireActionPerformed(Ljava/awt/event/ActionEvent;)V java.desktop@9.0.4 (46 bytes) @ 0x0000019c3386a060 [0x0000019c33869f40+0x0000000000000120]
J 20932 c2 javax.swing.Timer$DoPostEvent.run()V java.desktop@9.0.4 (82 bytes) @ 0x0000019c338683ec [0x0000019c338680e0+0x000000000000030c]
J 17447 c2 java.awt.EventQueue$3.run()Ljava/lang/Object; java.desktop@9.0.4 (5 bytes) @ 0x0000019c32761b04 [0x0000019c32761a00+0x0000000000000104]
v  ~StubRoutines::call_stub
J 4253  java.security.AccessController.doPrivileged(Ljava/security/PrivilegedAction;Ljava/security/AccessControlContext;)Ljava/lang/Object; java.base@9.0.4 (0 bytes) @ 0x0000019c328adac6 [0x0000019c328ada60+0x0000000000000066]
J 13510 c2 java.awt.EventQueue.dispatchEvent(Ljava/awt/AWTEvent;)V java.desktop@9.0.4 (80 bytes) @ 0x0000019c3322be98 [0x0000019c3322b940+0x0000000000000558]
J 17753 c2 ui.frmwork.b.d.dispatchEvent(Ljava/awt/AWTEvent;)V (34 bytes) @ 0x0000019c32f5ad88 [0x0000019c32f5aca0+0x00000000000000e8]
J 18382 c2 java.awt.EventDispatchThread.pumpOneEventForFilters(I)V java.desktop@9.0.4 (218 bytes) @ 0x0000019c335f72f0 [0x0000019c335f6e20+0x00000000000004d0]
J 24025 c2 java.awt.EventDispatchThread.pumpEventsForFilter(ILjava/awt/Conditional;Ljava/awt/EventFilter;)V java.desktop@9.0.4 (47 bytes) @ 0x0000019c33c17810 [0x0000019c33c17660+0x00000000000001b0]
j  java.awt.EventDispatchThread.pumpEventsForFilter(Ljava/awt/Conditional;Ljava/awt/EventFilter;)V+4 java.desktop@9.0.4
j  java.awt.WaitDispatchSupport$2.run()V+59 java.desktop@9.0.4
j  java.awt.WaitDispatchSupport$4.run()Ljava/lang/Void;+4 java.desktop@9.0.4
j  java.awt.WaitDispatchSupport$4.run()Ljava/lang/Object;+1 java.desktop@9.0.4
v  ~StubRoutines::call_stub
J 1150  java.security.AccessController.doPrivileged(Ljava/security/PrivilegedAction;)Ljava/lang/Object; java.base@9.0.4 (0 bytes) @ 0x0000019c3268ee32 [0x0000019c3268ede0+0x0000000000000052]
j  java.awt.WaitDispatchSupport.enter()Z+260 java.desktop@9.0.4
j  java.awt.Dialog.show()V+225 java.desktop@9.0.4
J 7653 c1 java.awt.Component.setVisible(Z)V java.desktop@9.0.4 (6 bytes) @ 0x0000019c2c5d6ccc [0x0000019c2c5d6ae0+0x00000000000001ec]
j  java.awt.Window.setVisible(Z)V+2 java.desktop@9.0.4
j  java.awt.Dialog.setVisible(Z)V+2 java.desktop@9.0.4
j  ui.b.c.g.setVisible(Z)V+2
j  ui.b.c.bB.showDialog()V+64
j  ui.b.c.bI.actionPerformed(Ljava/awt/event/ActionEvent;)V+8
j  ui.b.c.bB.cSz()V+396
j  ui.views.c.t.b.a.run()V+60
j  ui.frmwork.a.epE()Z+66
j  ui.frmwork.Y.erq()V+42
j  ui.bm.actionPerformed(Ljava/awt/event/ActionEvent;)V+25
j  javax.swing.AbstractButton.fireActionPerformed(Ljava/awt/event/ActionEvent;)V+84 java.desktop@9.0.4
j  ui.utils.p.b.E.fireActionPerformed(Ljava/awt/event/ActionEvent;)V+7
j  javax.swing.AbstractButton$Handler.actionPerformed(Ljava/awt/event/ActionEvent;)V+5 java.desktop@9.0.4
j  javax.swing.DefaultButtonModel.fireActionPerformed(Ljava/awt/event/ActionEvent;)V+34 java.desktop@9.0.4
j  javax.swing.DefaultButtonModel.setPressed(Z)V+117 java.desktop@9.0.4
j  javax.swing.plaf.basic.BasicButtonListener.mouseReleased(Ljava/awt/event/MouseEvent;)V+35 java.desktop@9.0.4
j  com.jidesoft.plaf.basic.BasicJideButtonListener.mouseReleased(Ljava/awt/event/MouseEvent;)V+61
J 21112 c1 java.awt.AWTEventMulticaster.mouseReleased(Ljava/awt/event/MouseEvent;)V java.desktop@9.0.4 (27 bytes) @ 0x0000019c2b258c8c [0x0000019c2b258a80+0x000000000000020c]
J 21112 c1 java.awt.AWTEventMulticaster.mouseReleased(Ljava/awt/event/MouseEvent;)V java.desktop@9.0.4 (27 bytes) @ 0x0000019c2b258c8c [0x0000019c2b258a80+0x000000000000020c]
J 21112 c1 java.awt.AWTEventMulticaster.mouseReleased(Ljava/awt/event/MouseEvent;)V java.desktop@9.0.4 (27 bytes) @ 0x0000019c2b258c8c [0x0000019c2b258a80+0x000000000000020c]
J 21112 c1 java.awt.AWTEventMulticaster.mouseReleased(Ljava/awt/event/MouseEvent;)V java.desktop@9.0.4 (27 bytes) @ 0x0000019c2b258c8c [0x0000019c2b258a80+0x000000000000020c]
J 17230 c1 java.awt.Component.processMouseEvent(Ljava/awt/event/MouseEvent;)V java.desktop@9.0.4 (100 bytes) @ 0x0000019c2d800fb4 [0x0000019c2d800c20+0x0000000000000394]
J 17231 c1 javax.swing.JComponent.processMouseEvent(Ljava/awt/event/MouseEvent;)V java.desktop@9.0.4 (27 bytes) @ 0x0000019c2d80186c [0x0000019c2d801660+0x000000000000020c]
J 23857 c2 java.awt.Container.processEvent(Ljava/awt/AWTEvent;)V java.desktop@9.0.4 (22 bytes) @ 0x0000019c33b7cc00 [0x0000019c33b7caa0+0x0000000000000160]
J 23858 c2 java.awt.Component.dispatchEventImpl(Ljava/awt/AWTEvent;)V java.desktop@9.0.4 (739 bytes) @ 0x0000019c33b7fa54 [0x0000019c33b7ed00+0x0000000000000d54]
J 23314 c2 java.awt.Container.dispatchEventImpl(Ljava/awt/AWTEvent;)V java.desktop@9.0.4 (129 bytes) @ 0x0000019c33a7f3fc [0x0000019c33a7f260+0x000000000000019c]
J 17951 c2 java.awt.LightweightDispatcher.retargetMouseEvent(Ljava/awt/Component;ILjava/awt/event/MouseEvent;)V java.desktop@9.0.4 (350 bytes) @ 0x0000019c3353a440 [0x0000019c33539e60+0x00000000000005e0]
J 23314 c2 java.awt.Container.dispatchEventImpl(Ljava/awt/AWTEvent;)V java.desktop@9.0.4 (129 bytes) @ 0x0000019c33a7faa0 [0x0000019c33a7f260+0x0000000000000840]
J 17451 c2 java.awt.Window.dispatchEventImpl(Ljava/awt/AWTEvent;)V java.desktop@9.0.4 (23 bytes) @ 0x0000019c3277460c [0x0000019c327745c0+0x000000000000004c]
J 17447 c2 java.awt.EventQueue$3.run()Ljava/lang/Object; java.desktop@9.0.4 (5 bytes) @ 0x0000019c32761bbc [0x0000019c32761a00+0x00000000000001bc]
v  ~StubRoutines::call_stub
J 4253  java.security.AccessController.doPrivileged(Ljava/security/PrivilegedAction;Ljava/security/AccessControlContext;)Ljava/lang/Object; java.base@9.0.4 (0 bytes) @ 0x0000019c328adac6 [0x0000019c328ada60+0x0000000000000066]
J 16489 c2 java.awt.EventQueue$4.run()Ljava/lang/Object; java.desktop@9.0.4 (5 bytes) @ 0x0000019c32eed6c0 [0x0000019c32eed460+0x0000000000000260]
v  ~StubRoutines::call_stub
J 4253  java.security.AccessController.doPrivileged(Ljava/security/PrivilegedAction;Ljava/security/AccessControlContext;)Ljava/lang/Object; java.base@9.0.4 (0 bytes) @ 0x0000019c328adac6 [0x0000019c328ada60+0x0000000000000066]
J 13510 c2 java.awt.EventQueue.dispatchEvent(Ljava/awt/AWTEvent;)V java.desktop@9.0.4 (80 bytes) @ 0x0000019c3322bcc0 [0x0000019c3322b940+0x0000000000000380]
J 17753 c2 ui.frmwork.b.d.dispatchEvent(Ljava/awt/AWTEvent;)V (34 bytes) @ 0x0000019c32f5ad88 [0x0000019c32f5aca0+0x00000000000000e8]
J 18382 c2 java.awt.EventDispatchThread.pumpOneEventForFilters(I)V java.desktop@9.0.4 (218 bytes) @ 0x0000019c335f72f0 [0x0000019c335f6e20+0x00000000000004d0]
J 21371% c2 java.awt.EventDispatchThread.pumpEventsForFilter(ILjava/awt/Conditional;Ljava/awt/EventFilter;)V java.desktop@9.0.4 (47 bytes) @ 0x0000019c333820d8 [0x0000019c33381fc0+0x0000000000000118]
j  java.awt.EventDispatchThread.pumpEventsForHierarchy(ILjava/awt/Conditional;Ljava/awt/Component;)V+11 java.desktop@9.0.4
j  java.awt.EventDispatchThread.pumpEvents(ILjava/awt/Conditional;)V+4 java.desktop@9.0.4
j  java.awt.EventDispatchThread.pumpEvents(Ljava/awt/Conditional;)V+3 java.desktop@9.0.4
j  java.awt.EventDispatchThread.run()V+9 java.desktop@9.0.4
v  ~StubRoutines::call_stub

siginfo: EXCEPTION_ACCESS_VIOLATION (0xc0000005), data execution prevention violation at address 0x00007ffb9d3bdb50


Register to memory mapping:

RIP=0x00007ffb9d3bdb50 is an unknown value
RAX=0x00007ffb9d361610 is an unknown value
RBX=0x0000009b642f3ed0 is pointing into the stack for thread: 0x0000019c42920000
RCX=0x0000019c4f6adce0 is an unknown value
RDX=0x0000019c4e34f840 is an unknown value
RSP=0x0000009b642f3d68 is pointing into the stack for thread: 0x0000019c42920000
RBP=0x0000009b642f3e90 is pointing into the stack for thread: 0x0000019c42920000
RSI=0x0000019c4e34f840 is an unknown value
RDI=0x0000019c4f6adce0 is an unknown value
R8 =0x0000009b642f3e90 is pointing into the stack for thread: 0x0000019c42920000
R9 =0x0000009b642f3ed0 is pointing into the stack for thread: 0x0000019c42920000
R10=0x0000019c4e34f850 is an unknown value
R11=0xffdb07db7f77ff9c is an unknown value
R12=0x0000000000000000 is an unknown value
R13=0x0000000000000000 is an unknown value
R14=0x0000019c4e34f840 is an unknown value
R15=0x0000000000000001 is an unknown value


Registers:
RAX=0x00007ffb9d361610, RBX=0x0000009b642f3ed0, RCX=0x0000019c4f6adce0, RDX=0x0000019c4e34f840
RSP=0x0000009b642f3d68, RBP=0x0000009b642f3e90, RSI=0x0000019c4e34f840, RDI=0x0000019c4f6adce0
R8 =0x0000009b642f3e90, R9 =0x0000009b642f3ed0, R10=0x0000019c4e34f850, R11=0xffdb07db7f77ff9c
R12=0x0000000000000000, R13=0x0000000000000000, R14=0x0000019c4e34f840, R15=0x0000000000000001
RIP=0x00007ffb9d3bdb50, EFLAGS=0x0000000000010206

Top of Stack: (sp=0x0000009b642f3d68)
0x0000009b642f3d68:   00007ffb9d07efbc 000029ccac576c70
0x0000009b642f3d78:   000000005522e2d4 0000019c00000000
0x0000009b642f3d88:   0000019c1485e7c0 0000000000000000
0x0000009b642f3d98:   0000009b642f3ed0 0000009b642f3e90
0x0000009b642f3da8:   0000019c4e34f840 fffffffffffffffe
0x0000009b642f3db8:   0000000055764a1b 0000019c4a5dd290
0x0000009b642f3dc8:   0000000000000008 0000000000000000
0x0000009b642f3dd8:   0000000000000010 0000000000000000
0x0000009b642f3de8:   0000000000000001 0000000000000000
0x0000009b642f3df8:   0000009b642f3ea9 0000019c149f0000
0x0000009b642f3e08:   00007ffc0a1ec7aa 0000019c14850000
0x0000009b642f3e18:   000000070000000f 000047c272ab8f3a
0x0000009b642f3e28:   0000019c00000000 00007ffb9d510d48
0x0000009b642f3e38:   0000009b642f3fa8 0000019c4f9ab150
0x0000009b642f3e48:   0000009b642f3ed9 0000009b642f3f90
0x0000009b642f3e58:   00007ffb9d0760a7 0000019c4bc962df 

Instructions: (pc=0x00007ffb9d3bdb50)
0x00007ffb9d3bdb30:   00 00 00 00 ff ff ff ff 00 00 00 00 40 00 00 00
0x00007ffb9d3bdb40:   00 db 46 00 00 00 00 00 00 00 00 00 00 00 00 00
0x00007ffb9d3bdb50:   01 00 00 00 00 00 00 00 00 00 00 00 40 6d 5a 00
0x00007ffb9d3bdb60:   78 db 46 00 50 db 46 00 00 00 00 00 00 00 00 00 



---------------  P R O C E S S  ---------------

Java Threads: ( => current thread )
  0x0000019c44e09000 JavaThread "Relaunch Simulation Thread" [_thread_blocked, id=17428, stack(0x0000009b68100000,0x0000009b68600000)]
  0x0000019c44e10000 JavaThread "Image Fetcher 0" daemon [_thread_blocked, id=3360, stack(0x0000009b67600000,0x0000009b67b00000)]
  0x0000019c44040000 JavaThread "ForkJoinPool.commonPool-worker-25" daemon [_thread_blocked, id=9716, stack(0x0000009b6a400000,0x0000009b6a900000)]
  0x0000019c4403f800 JavaThread "Image Animator 3" daemon [_thread_blocked, id=23184, stack(0x0000009b67100000,0x0000009b67600000)]
  0x0000019c44e0f000 JavaThread "Monitor File Timestamp Swing Worker Thread" [_thread_blocked, id=12860, stack(0x0000009b69f00000,0x0000009b6a400000)]
  0x0000019c44e08800 JavaThread "Timer-3" [_thread_blocked, id=9124, stack(0x0000009b69a00000,0x0000009b69f00000)]
  0x0000019c44e0a800 JavaThread "Monitor File Timestamp Swing Worker Thread" [_thread_blocked, id=12500, stack(0x0000009b69000000,0x0000009b69500000)]
  0x0000019c44e02800 JavaThread "Timer-1" [_thread_blocked, id=5468, stack(0x0000009b68b00000,0x0000009b69000000)]
  0x0000019c44e04000 JavaThread "SyntheticaAnimation 50" daemon [_thread_blocked, id=20944, stack(0x0000009b66700000,0x0000009b66c00000)]
  0x0000019c44e07800 JavaThread "Update Runs Swing Worker Thread" [_thread_blocked, id=20440, stack(0x0000009b67b00000,0x0000009b68000000)]
  0x0000019c44e01800 JavaThread "hw_ila_monitor" [_thread_blocked, id=12040, stack(0x0000009b62f00000,0x0000009b63400000)]
  0x0000019c44e03000 JavaThread "Refresh Filesets Swing Worker Thread" [_thread_blocked, id=20740, stack(0x0000009b66c00000,0x0000009b67100000)]
  0x0000019c4403a000 JavaThread "SyntheticaAnimation 70" daemon [_thread_blocked, id=16692, stack(0x0000009b66200000,0x0000009b66700000)]
  0x0000019c4403b000 JavaThread "Swing-Shell" daemon [_thread_blocked, id=15764, stack(0x0000009b64300000,0x0000009b64800000)]
  0x0000019c4403e800 JavaThread "SyntheticaAnimation 25" daemon [_thread_blocked, id=19868, stack(0x0000009b65a00000,0x0000009b65f00000)]
  0x0000019c4403e000 JavaThread "SyntheticaAnimation 50" daemon [_thread_blocked, id=14060, stack(0x0000009b65500000,0x0000009b65a00000)]
  0x0000019c4403b800 JavaThread "Monitor HEventQueue Thread" [_thread_blocked, id=10788, stack(0x0000009b65000000,0x0000009b65500000)]
  0x0000019c4403d000 JavaThread "SyntheticaCleanerThread" daemon [_thread_blocked, id=15540, stack(0x0000009b64800000,0x0000009b64d00000)]
  0x0000019c4403c800 JavaThread "Batik CleanerThread" daemon [_thread_blocked, id=25196, stack(0x0000009b63400000,0x0000009b63900000)]
=>0x0000019c42920000 JavaThread "AWT-EventQueue-1" [_thread_in_native, id=18388, stack(0x0000009b63e00000,0x0000009b64300000)]
  0x0000019c42430800 JavaThread "Process Messages Thread" [_thread_blocked, id=14012, stack(0x0000009b63900000,0x0000009b63e00000)]
  0x0000019c43ca2000 JavaThread "Thread-1" [_thread_in_native, id=6916, stack(0x0000009b5b400000,0x0000009b5c800000)]
  0x0000019c4235c800 JavaThread "TimerQueue" daemon [_thread_blocked, id=14968, stack(0x0000009b62a00000,0x0000009b62f00000)]
  0x0000019c41fff000 JavaThread "AWT-Windows" daemon [_thread_in_native, id=15932, stack(0x0000009b62500000,0x0000009b62a00000)]
  0x0000019c41bf4000 JavaThread "AWT-Shutdown" [_thread_blocked, id=10828, stack(0x0000009b62000000,0x0000009b62500000)]
  0x0000019c41bf2000 JavaThread "Java2D Disposer" daemon [_thread_blocked, id=23532, stack(0x0000009b61b00000,0x0000009b62000000)]
  0x0000019c199af000 JavaThread "Service Thread" daemon [_thread_blocked, id=15876, stack(0x0000009b61500000,0x0000009b61a00000)]
  0x0000019c23f45000 JavaThread "Common-Cleaner" daemon [_thread_blocked, id=14704, stack(0x0000009b61000000,0x0000009b61500000)]
  0x0000019c23f2e000 JavaThread "Sweeper thread" daemon [_thread_blocked, id=19060, stack(0x0000009b60b00000,0x0000009b61000000)]
  0x0000019c196aa000 JavaThread "C1 CompilerThread11" daemon [_thread_blocked, id=20732, stack(0x0000009b60a00000,0x0000009b60b00000)]
  0x0000019c23f24000 JavaThread "C1 CompilerThread10" daemon [_thread_blocked, id=2412, stack(0x0000009b60900000,0x0000009b60a00000)]
  0x0000019c23f22000 JavaThread "C1 CompilerThread9" daemon [_thread_blocked, id=7856, stack(0x0000009b60800000,0x0000009b60900000)]
  0x0000019c23f20800 JavaThread "C1 CompilerThread8" daemon [_thread_blocked, id=224, stack(0x0000009b60700000,0x0000009b60800000)]
  0x0000019c23f1f800 JavaThread "C2 CompilerThread7" daemon [_thread_blocked, id=9820, stack(0x0000009b60600000,0x0000009b60700000)]
  0x0000019c23f1c800 JavaThread "C2 CompilerThread6" daemon [_thread_blocked, id=14088, stack(0x0000009b60500000,0x0000009b60600000)]
  0x0000019c23f1b800 JavaThread "C2 CompilerThread5" daemon [_thread_blocked, id=19128, stack(0x0000009b60400000,0x0000009b60500000)]
  0x0000019c23f1b000 JavaThread "C2 CompilerThread4" daemon [_thread_blocked, id=5556, stack(0x0000009b60300000,0x0000009b60400000)]
  0x0000019c23f19000 JavaThread "C2 CompilerThread3" daemon [_thread_blocked, id=7576, stack(0x0000009b60200000,0x0000009b60300000)]
  0x0000019c23f17000 JavaThread "C2 CompilerThread2" daemon [_thread_blocked, id=13948, stack(0x0000009b60100000,0x0000009b60200000)]
  0x0000019c23f16800 JavaThread "C2 CompilerThread1" daemon [_thread_blocked, id=25224, stack(0x0000009b60000000,0x0000009b60100000)]
  0x0000019c23f0e800 JavaThread "C2 CompilerThread0" daemon [_thread_blocked, id=10436, stack(0x0000009b5ff00000,0x0000009b60000000)]
  0x0000019c1a122000 JavaThread "Attach Listener" daemon [_thread_blocked, id=5812, stack(0x0000009b5fa00000,0x0000009b5ff00000)]
  0x0000019c23ee1000 JavaThread "Signal Dispatcher" daemon [_thread_blocked, id=20556, stack(0x0000009b5f500000,0x0000009b5fa00000)]
  0x0000019c23edc800 JavaThread "Finalizer" daemon [_thread_blocked, id=14072, stack(0x0000009b5f000000,0x0000009b5f500000)]
  0x0000019c20420800 JavaThread "Reference Handler" daemon [_thread_blocked, id=20620, stack(0x0000009b5eb00000,0x0000009b5f000000)]
  0x0000019c23a7d000 JavaThread "main" [_thread_blocked, id=21260, stack(0x0000009b5b300000,0x0000009b5b400000)]

Other Threads:
  0x0000019c2040c000 VMThread "VM Thread" [stack: 0x0000009b5ea00000,0x0000009b5eb00000] [id=9692]
  0x0000019c19751800 WatcherThread [stack: 0x0000009b61a00000,0x0000009b61b00000] [id=7396]
  0x0000019c20c00000 GCTaskThread "GC Thread#0" [stack: 0x0000009b5cb00000,0x0000009b5cc00000] [id=8256]
  0x0000019c23d85800 GCTaskThread "GC Thread#1" [stack: 0x0000009b5cc00000,0x0000009b5cd00000] [id=14520]
  0x0000019c23d88000 GCTaskThread "GC Thread#2" [stack: 0x0000009b5cd00000,0x0000009b5ce00000] [id=352]
  0x0000019c23d87000 GCTaskThread "GC Thread#3" [stack: 0x0000009b5ce00000,0x0000009b5cf00000] [id=9516]
  0x0000019c23d88800 GCTaskThread "GC Thread#4" [stack: 0x0000009b5cf00000,0x0000009b5d000000] [id=25420]
  0x0000019c23d86000 GCTaskThread "GC Thread#5" [stack: 0x0000009b5d000000,0x0000009b5d100000] [id=18408]
  0x0000019c23d86800 GCTaskThread "GC Thread#6" [stack: 0x0000009b5d100000,0x0000009b5d200000] [id=17324]
  0x0000019c1e21d800 GCTaskThread "GC Thread#7" [stack: 0x0000009b5d200000,0x0000009b5d300000] [id=8536]
  0x0000019c1e217800 GCTaskThread "GC Thread#8" [stack: 0x0000009b5d300000,0x0000009b5d400000] [id=16556]
  0x0000019c1e21b000 GCTaskThread "GC Thread#9" [stack: 0x0000009b5d400000,0x0000009b5d500000] [id=3196]
  0x0000019c1e21e000 GCTaskThread "GC Thread#10" [stack: 0x0000009b5d500000,0x0000009b5d600000] [id=15828]
  0x0000019c1e21f000 GCTaskThread "GC Thread#11" [stack: 0x0000009b5d600000,0x0000009b5d700000] [id=23116]
  0x0000019c1e218000 GCTaskThread "GC Thread#12" [stack: 0x0000009b5d700000,0x0000009b5d800000] [id=1772]
  0x0000019c20bfa800 ConcurrentGCThread "G1 Main Marker" [stack: 0x0000009b5e600000,0x0000009b5e700000] [id=10876]
  0x0000019c1e21f800 ConcurrentGCThread "G1 Marker#0" [stack: 0x0000009b5e700000,0x0000009b5e800000] [id=10600]
  0x0000019c1e218800 ConcurrentGCThread "G1 Marker#1" [stack: 0x0000009b5e800000,0x0000009b5e900000] [id=24828]
  0x0000019c1e21b800 ConcurrentGCThread "G1 Marker#2" [stack: 0x0000009b5e900000,0x0000009b5ea00000] [id=8108]
  0x0000019c1c0d4000 ConcurrentGCThread "G1 Refine#0" [stack: 0x0000009b5e400000,0x0000009b5e500000] [id=14720]
  0x0000019c1c0d3800 ConcurrentGCThread "G1 Refine#1" [stack: 0x0000009b5e300000,0x0000009b5e400000] [id=15972]
  0x0000019c1c0d2800 ConcurrentGCThread "G1 Refine#2" [stack: 0x0000009b5e200000,0x0000009b5e300000] [id=22604]
  0x0000019c2012b000 ConcurrentGCThread "G1 Refine#3" [stack: 0x0000009b5e100000,0x0000009b5e200000] [id=25360]
  0x0000019c20129800 ConcurrentGCThread "G1 Refine#4" [stack: 0x0000009b5e000000,0x0000009b5e100000] [id=8932]
  0x0000019c20129000 ConcurrentGCThread "G1 Refine#5" [stack: 0x0000009b5df00000,0x0000009b5e000000] [id=16448]
  0x0000019c20128800 ConcurrentGCThread "G1 Refine#6" [stack: 0x0000009b5de00000,0x0000009b5df00000] [id=8888]
  0x0000019c192f8000 ConcurrentGCThread "G1 Refine#7" [stack: 0x0000009b5dd00000,0x0000009b5de00000] [id=19000]
  0x0000019c192f7800 ConcurrentGCThread "G1 Refine#8" [stack: 0x0000009b5dc00000,0x0000009b5dd00000] [id=22856]
  0x0000019c23d46000 ConcurrentGCThread "G1 Refine#9" [stack: 0x0000009b5db00000,0x0000009b5dc00000] [id=12376]
  0x0000019c23d44800 ConcurrentGCThread "G1 Refine#10" [stack: 0x0000009b5da00000,0x0000009b5db00000] [id=13580]
  0x0000019c1a169800 ConcurrentGCThread "G1 Refine#11" [stack: 0x0000009b5d900000,0x0000009b5da00000] [id=24248]
  0x0000019c1a169000 ConcurrentGCThread "G1 Refine#12" [stack: 0x0000009b5d800000,0x0000009b5d900000] [id=9368]
  0x0000019c1c0d8800 ConcurrentGCThread "G1 Young RemSet Sampling" [stack: 0x0000009b5e500000,0x0000009b5e600000] [id=19540]

Threads with active compile tasks:

VM state:not at safepoint (normal execution)

VM Mutex/Monitor currently owned by a thread: None

Heap address: 0x0000000700000000, size: 3072 MB, Compressed Oops mode: Zero based, Oop shift amount: 3
Narrow klass base: 0x0000000000000000, Narrow klass shift: 3
Compressed class space size: 1073741824 Address: 0x00000007c0000000

Heap:
 garbage-first heap   total 277504K, used 124799K [0x0000000700000000, 0x0000000700100878, 0x00000007c0000000)
  region size 1024K, 38 young (38912K), 1 survivors (1024K)
 Metaspace       used 86338K, capacity 92961K, committed 93312K, reserved 1130496K
  class space    used 11651K, capacity 12805K, committed 12928K, reserved 1048576K
Heap Regions: E=young(eden), S=young(survivor), O=old, HS=humongous(starts), HC=humongous(continues), CS=collection set, F=free, A=archive, TS=gc time stamp, AC=allocation context, TAMS=top-at-mark-start (previous, next)
|   0|0x0000000700000000, 0x00000007000cd640, 0x0000000700100000| 80%| O|  |TS  0|AC  0|TAMS 0x0000000700000000, 0x0000000700000000|
|   1|0x0000000700100000, 0x00000007001f4510, 0x0000000700200000| 95%| O|  |TS  0|AC  0|TAMS 0x0000000700100000, 0x0000000700100000|
|   2|0x0000000700200000, 0x00000007002ffff0, 0x0000000700300000| 99%| O|  |TS  0|AC  0|TAMS 0x0000000700200000, 0x0000000700200000|
|   3|0x0000000700300000, 0x00000007003fe410, 0x0000000700400000| 99%| O|  |TS  0|AC  0|TAMS 0x0000000700300000, 0x0000000700300000|
|   4|0x0000000700400000, 0x0000000700500000, 0x0000000700500000|100%|HS|  |TS  0|AC  0|TAMS 0x0000000700400000, 0x0000000700400000|
|   5|0x0000000700500000, 0x0000000700600000, 0x0000000700600000|100%|HC|  |TS  0|AC  0|TAMS 0x0000000700500000, 0x0000000700500000|
|   6|0x0000000700600000, 0x0000000700700000, 0x0000000700700000|100%|HS|  |TS  0|AC  0|TAMS 0x0000000700600000, 0x0000000700600000|
|   7|0x0000000700700000, 0x00000007007ebfb0, 0x0000000700800000| 92%| O|  |TS  0|AC  0|TAMS 0x0000000700700000, 0x0000000700700000|
|   8|0x0000000700800000, 0x0000000700900000, 0x0000000700900000|100%| O|  |TS  0|AC  0|TAMS 0x0000000700800000, 0x0000000700800000|
|   9|0x0000000700900000, 0x00000007009f25d0, 0x0000000700a00000| 94%| O|  |TS  0|AC  0|TAMS 0x0000000700900000, 0x0000000700900000|
|  10|0x0000000700a00000, 0x0000000700afff20, 0x0000000700b00000| 99%| O|  |TS  0|AC  0|TAMS 0x0000000700a00000, 0x0000000700a00000|
|  11|0x0000000700b00000, 0x0000000700bffff8, 0x0000000700c00000| 99%| O|  |TS  0|AC  0|TAMS 0x0000000700b00000, 0x0000000700b00000|
|  12|0x0000000700c00000, 0x0000000700cfffd0, 0x0000000700d00000| 99%| O|  |TS  0|AC  0|TAMS 0x0000000700c00000, 0x0000000700c00000|
|  13|0x0000000700d00000, 0x0000000700dffff8, 0x0000000700e00000| 99%| O|  |TS  0|AC  0|TAMS 0x0000000700d00000, 0x0000000700d00000|
|  14|0x0000000700e00000, 0x0000000700efe3b0, 0x0000000700f00000| 99%| O|  |TS  0|AC  0|TAMS 0x0000000700e00000, 0x0000000700e00000|
|  15|0x0000000700f00000, 0x0000000700fffff0, 0x0000000701000000| 99%| O|  |TS  0|AC  0|TAMS 0x0000000700f00000, 0x0000000700f00000|
|  16|0x0000000701000000, 0x00000007010ed738, 0x0000000701100000| 92%| O|  |TS  0|AC  0|TAMS 0x0000000701000000, 0x0000000701000000|
|  17|0x0000000701100000, 0x00000007011ffff8, 0x0000000701200000| 99%| O|  |TS  0|AC  0|TAMS 0x0000000701100000, 0x0000000701100000|
|  18|0x0000000701200000, 0x00000007012ffff0, 0x0000000701300000| 99%| O|  |TS  0|AC  0|TAMS 0x0000000701200000, 0x0000000701200000|
|  19|0x0000000701300000, 0x00000007013ffff8, 0x0000000701400000| 99%| O|  |TS  0|AC  0|TAMS 0x0000000701300000, 0x0000000701300000|
|  20|0x0000000701400000, 0x0000000701500000, 0x0000000701500000|100%| O|  |TS  0|AC  0|TAMS 0x0000000701400000, 0x0000000701400000|
|  21|0x0000000701500000, 0x0000000701600000, 0x0000000701600000|100%|HS|  |TS  0|AC  0|TAMS 0x0000000701500000, 0x0000000701500000|
|  22|0x0000000701600000, 0x0000000701700000, 0x0000000701700000|100%|HC|  |TS  0|AC  0|TAMS 0x0000000701600000, 0x0000000701600000|
|  23|0x0000000701700000, 0x00000007017ffff8, 0x0000000701800000| 99%| O|  |TS  0|AC  0|TAMS 0x0000000701700000, 0x0000000701700000|
|  24|0x0000000701800000, 0x0000000701900000, 0x0000000701900000|100%| O|  |TS  0|AC  0|TAMS 0x0000000701800000, 0x0000000701800000|
|  25|0x0000000701900000, 0x0000000701a00000, 0x0000000701a00000|100%| O|  |TS  0|AC  0|TAMS 0x0000000701900000, 0x0000000701900000|
|  26|0x0000000701a00000, 0x0000000701b00000, 0x0000000701b00000|100%| O|  |TS  0|AC  0|TAMS 0x0000000701a00000, 0x0000000701a00000|
|  27|0x0000000701b00000, 0x0000000701bffff0, 0x0000000701c00000| 99%| O|  |TS  0|AC  0|TAMS 0x0000000701b00000, 0x0000000701b00000|
|  28|0x0000000701c00000, 0x0000000701cffff0, 0x0000000701d00000| 99%| O|  |TS  0|AC  0|TAMS 0x0000000701c00000, 0x0000000701c00000|
|  29|0x0000000701d00000, 0x0000000701dfffe0, 0x0000000701e00000| 99%| O|  |TS  0|AC  0|TAMS 0x0000000701d00000, 0x0000000701d00000|
|  30|0x0000000701e00000, 0x0000000701effff8, 0x0000000701f00000| 99%| O|  |TS  0|AC  0|TAMS 0x0000000701e00000, 0x0000000701e00000|
|  31|0x0000000701f00000, 0x0000000701fffff0, 0x0000000702000000| 99%| O|  |TS  0|AC  0|TAMS 0x0000000701f00000, 0x0000000701f00000|
|  32|0x0000000702000000, 0x00000007020ffff0, 0x0000000702100000| 99%| O|  |TS  0|AC  0|TAMS 0x0000000702000000, 0x0000000702000000|
|  33|0x0000000702100000, 0x00000007021ffff0, 0x0000000702200000| 99%| O|  |TS  0|AC  0|TAMS 0x0000000702100000, 0x0000000702100000|
|  34|0x0000000702200000, 0x00000007022ffee8, 0x0000000702300000| 99%| O|  |TS  0|AC  0|TAMS 0x0000000702200000, 0x0000000702200000|
|  35|0x0000000702300000, 0x00000007023f95f8, 0x0000000702400000| 97%| O|  |TS  0|AC  0|TAMS 0x0000000702300000, 0x0000000702300000|
|  36|0x0000000702400000, 0x00000007024ffff8, 0x0000000702500000| 99%| O|  |TS  0|AC  0|TAMS 0x0000000702400000, 0x0000000702400000|
|  37|0x0000000702500000, 0x00000007025fffb8, 0x0000000702600000| 99%| O|  |TS  0|AC  0|TAMS 0x0000000702500000, 0x0000000702500000|
|  38|0x0000000702600000, 0x00000007026ffff8, 0x0000000702700000| 99%| O|  |TS  0|AC  0|TAMS 0x0000000702600000, 0x0000000702600000|
|  39|0x0000000702700000, 0x00000007027ffff8, 0x0000000702800000| 99%| O|  |TS  0|AC  0|TAMS 0x0000000702700000, 0x0000000702700000|
|  40|0x0000000702800000, 0x00000007028fffd0, 0x0000000702900000| 99%| O|  |TS  0|AC  0|TAMS 0x0000000702800000, 0x0000000702800000|
|  41|0x0000000702900000, 0x00000007029ffff8, 0x0000000702a00000| 99%| O|  |TS  0|AC  0|TAMS 0x0000000702900000, 0x0000000702900000|
|  42|0x0000000702a00000, 0x0000000702afe3c0, 0x0000000702b00000| 99%| O|  |TS  0|AC  0|TAMS 0x0000000702a00000, 0x0000000702a00000|
|  43|0x0000000702b00000, 0x0000000702c00000, 0x0000000702c00000|100%| O|  |TS  0|AC  0|TAMS 0x0000000702b00000, 0x0000000702b00000|
|  44|0x0000000702c00000, 0x0000000702d00000, 0x0000000702d00000|100%| O|  |TS  0|AC  0|TAMS 0x0000000702c00000, 0x0000000702c00000|
|  45|0x0000000702d00000, 0x0000000702dfedf8, 0x0000000702e00000| 99%| O|  |TS  0|AC  0|TAMS 0x0000000702d00000, 0x0000000702d00000|
|  46|0x0000000702e00000, 0x0000000702f00000, 0x0000000702f00000|100%| O|  |TS  0|AC  0|TAMS 0x0000000702e00000, 0x0000000702e00000|
|  47|0x0000000702f00000, 0x0000000703000000, 0x0000000703000000|100%| O|  |TS  0|AC  0|TAMS 0x0000000702f00000, 0x0000000702f00000|
|  48|0x0000000703000000, 0x00000007030fffc8, 0x0000000703100000| 99%| O|  |TS  0|AC  0|TAMS 0x0000000703000000, 0x0000000703000000|
|  49|0x0000000703100000, 0x00000007031ffff8, 0x0000000703200000| 99%| O|  |TS  0|AC  0|TAMS 0x0000000703100000, 0x0000000703100000|
|  50|0x0000000703200000, 0x00000007032ffe68, 0x0000000703300000| 99%| O|  |TS  0|AC  0|TAMS 0x0000000703200000, 0x0000000703200000|
|  51|0x0000000703300000, 0x0000000703400000, 0x0000000703400000|100%| O|  |TS  0|AC  0|TAMS 0x0000000703300000, 0x0000000703300000|
|  52|0x0000000703400000, 0x0000000703500000, 0x0000000703500000|100%|HS|  |TS  0|AC  0|TAMS 0x0000000703400000, 0x0000000703400000|
|  53|0x0000000703500000, 0x00000007035fff68, 0x0000000703600000| 99%| O|  |TS  0|AC  0|TAMS 0x0000000703500000, 0x0000000703500000|
|  54|0x0000000703600000, 0x00000007036ffff0, 0x0000000703700000| 99%| O|  |TS  0|AC  0|TAMS 0x0000000703600000, 0x0000000703600000|
|  55|0x0000000703700000, 0x00000007037ff520, 0x0000000703800000| 99%| O|  |TS  0|AC  0|TAMS 0x0000000703700000, 0x0000000703700000|
|  56|0x0000000703800000, 0x00000007038ffff8, 0x0000000703900000| 99%| O|  |TS  0|AC  0|TAMS 0x0000000703800000, 0x0000000703800000|
|  57|0x0000000703900000, 0x00000007039fffe0, 0x0000000703a00000| 99%| O|  |TS  0|AC  0|TAMS 0x0000000703900000, 0x0000000703900000|
|  58|0x0000000703a00000, 0x0000000703affff0, 0x0000000703b00000| 99%| O|  |TS  0|AC  0|TAMS 0x0000000703a00000, 0x0000000703a00000|
|  59|0x0000000703b00000, 0x0000000703bded00, 0x0000000703c00000| 87%| O|  |TS  0|AC  0|TAMS 0x0000000703b00000, 0x0000000703b00000|
|  60|0x0000000703c00000, 0x0000000703d00000, 0x0000000703d00000|100%|HS|  |TS  0|AC  0|TAMS 0x0000000703c00000, 0x0000000703c00000|
|  61|0x0000000703d00000, 0x0000000703e00000, 0x0000000703e00000|100%|HC|  |TS  0|AC  0|TAMS 0x0000000703d00000, 0x0000000703d00000|
|  62|0x0000000703e00000, 0x0000000703f00000, 0x0000000703f00000|100%|HC|  |TS  0|AC  0|TAMS 0x0000000703e00000, 0x0000000703e00000|
|  63|0x0000000703f00000, 0x0000000704000000, 0x0000000704000000|100%|HC|  |TS  0|AC  0|TAMS 0x0000000703f00000, 0x0000000703f00000|
|  64|0x0000000704000000, 0x0000000704000000, 0x0000000704100000|  0%| F|  |TS  0|AC  0|TAMS 0x0000000704000000, 0x0000000704000000|
|  65|0x0000000704100000, 0x0000000704100000, 0x0000000704200000|  0%| F|  |TS  0|AC  0|TAMS 0x0000000704100000, 0x0000000704100000|
|  66|0x0000000704200000, 0x0000000704200000, 0x0000000704300000|  0%| F|  |TS  0|AC  0|TAMS 0x0000000704200000, 0x0000000704200000|
|  67|0x0000000704300000, 0x0000000704400000, 0x0000000704400000|100%|HS|  |TS  0|AC  0|TAMS 0x0000000704300000, 0x0000000704300000|
|  68|0x0000000704400000, 0x0000000704500000, 0x0000000704500000|100%|HS|  |TS  0|AC  0|TAMS 0x0000000704400000, 0x0000000704400000|
|  69|0x0000000704500000, 0x0000000704600000, 0x0000000704600000|100%|HC|  |TS  0|AC  0|TAMS 0x0000000704500000, 0x0000000704500000|
|  70|0x0000000704600000, 0x0000000704700000, 0x0000000704700000|100%|HC|  |TS  0|AC  0|TAMS 0x0000000704600000, 0x0000000704600000|
|  71|0x0000000704700000, 0x0000000704800000, 0x0000000704800000|100%|HC|  |TS  0|AC  0|TAMS 0x0000000704700000, 0x0000000704700000|
|  72|0x0000000704800000, 0x0000000704900000, 0x0000000704900000|100%|HC|  |TS  0|AC  0|TAMS 0x0000000704800000, 0x0000000704800000|
|  73|0x0000000704900000, 0x0000000704a00000, 0x0000000704a00000|100%|HC|  |TS  0|AC  0|TAMS 0x0000000704900000, 0x0000000704900000|
|  74|0x0000000704a00000, 0x0000000704b00000, 0x0000000704b00000|100%|HC|  |TS  0|AC  0|TAMS 0x0000000704a00000, 0x0000000704a00000|
|  75|0x0000000704b00000, 0x0000000704c00000, 0x0000000704c00000|100%|HC|  |TS  0|AC  0|TAMS 0x0000000704b00000, 0x0000000704b00000|
|  76|0x0000000704c00000, 0x0000000704d00000, 0x0000000704d00000|100%|HC|  |TS  0|AC  0|TAMS 0x0000000704c00000, 0x0000000704c00000|
|  77|0x0000000704d00000, 0x0000000704e00000, 0x0000000704e00000|100%|HC|  |TS  0|AC  0|TAMS 0x0000000704d00000, 0x0000000704d00000|
|  78|0x0000000704e00000, 0x0000000704f00000, 0x0000000704f00000|100%|HC|  |TS  0|AC  0|TAMS 0x0000000704e00000, 0x0000000704e00000|
|  79|0x0000000704f00000, 0x0000000705000000, 0x0000000705000000|100%|HC|  |TS  0|AC  0|TAMS 0x0000000704f00000, 0x0000000704f00000|
|  80|0x0000000705000000, 0x0000000705100000, 0x0000000705100000|100%|HC|  |TS  0|AC  0|TAMS 0x0000000705000000, 0x0000000705000000|
|  81|0x0000000705100000, 0x0000000705200000, 0x0000000705200000|100%|HC|  |TS  0|AC  0|TAMS 0x0000000705100000, 0x0000000705100000|
|  82|0x0000000705200000, 0x0000000705300000, 0x0000000705300000|100%|HC|  |TS  0|AC  0|TAMS 0x0000000705200000, 0x0000000705200000|
|  83|0x0000000705300000, 0x0000000705400000, 0x0000000705400000|100%|HS|  |TS  0|AC  0|TAMS 0x0000000705300000, 0x0000000705300000|
|  84|0x0000000705400000, 0x0000000705400000, 0x0000000705500000|  0%| F|  |TS  0|AC  0|TAMS 0x0000000705400000, 0x0000000705400000|
|  85|0x0000000705500000, 0x0000000705600000, 0x0000000705600000|100%|HS|  |TS  0|AC  0|TAMS 0x0000000705500000, 0x0000000705500000|
|  86|0x0000000705600000, 0x0000000705700000, 0x0000000705700000|100%|HS|  |TS  0|AC  0|TAMS 0x0000000705600000, 0x0000000705600000|
|  87|0x0000000705700000, 0x0000000705800000, 0x0000000705800000|100%|HC|  |TS  0|AC  0|TAMS 0x0000000705700000, 0x0000000705700000|
|  88|0x0000000705800000, 0x0000000705900000, 0x0000000705900000|100%|HC|  |TS  0|AC  0|TAMS 0x0000000705800000, 0x0000000705800000|
|  89|0x0000000705900000, 0x0000000705a00000, 0x0000000705a00000|100%|HC|  |TS  0|AC  0|TAMS 0x0000000705900000, 0x0000000705900000|
|  90|0x0000000705a00000, 0x0000000705a00000, 0x0000000705b00000|  0%| F|  |TS  0|AC  0|TAMS 0x0000000705a00000, 0x0000000705a00000|
|  91|0x0000000705b00000, 0x0000000705b00000, 0x0000000705c00000|  0%| F|  |TS  0|AC  0|TAMS 0x0000000705b00000, 0x0000000705b00000|
|  92|0x0000000705c00000, 0x0000000705c00000, 0x0000000705d00000|  0%| F|  |TS  0|AC  0|TAMS 0x0000000705c00000, 0x0000000705c00000|
|  93|0x0000000705d00000, 0x0000000705d00000, 0x0000000705e00000|  0%| F|  |TS  0|AC  0|TAMS 0x0000000705d00000, 0x0000000705d00000|
|  94|0x0000000705e00000, 0x0000000705e00000, 0x0000000705f00000|  0%| F|  |TS  0|AC  0|TAMS 0x0000000705e00000, 0x0000000705e00000|
|  95|0x0000000705f00000, 0x0000000705f00000, 0x0000000706000000|  0%| F|  |TS  0|AC  0|TAMS 0x0000000705f00000, 0x0000000705f00000|
|  96|0x0000000706000000, 0x0000000706000000, 0x0000000706100000|  0%| F|  |TS  0|AC  0|TAMS 0x0000000706000000, 0x0000000706000000|
|  97|0x0000000706100000, 0x0000000706100000, 0x0000000706200000|  0%| F|  |TS  0|AC  0|TAMS 0x0000000706100000, 0x0000000706100000|
|  98|0x0000000706200000, 0x0000000706200000, 0x0000000706300000|  0%| F|  |TS  0|AC  0|TAMS 0x0000000706200000, 0x0000000706200000|
|  99|0x0000000706300000, 0x0000000706300000, 0x0000000706400000|  0%| F|  |TS  0|AC  0|TAMS 0x0000000706300000, 0x0000000706300000|
| 100|0x0000000706400000, 0x0000000706400000, 0x0000000706500000|  0%| F|  |TS  0|AC  0|TAMS 0x0000000706400000, 0x0000000706400000|
| 101|0x0000000706500000, 0x0000000706500000, 0x0000000706600000|  0%| F|  |TS  0|AC  0|TAMS 0x0000000706500000, 0x0000000706500000|
| 102|0x0000000706600000, 0x0000000706600000, 0x0000000706700000|  0%| F|  |TS  0|AC  0|TAMS 0x0000000706600000, 0x0000000706600000|
| 103|0x0000000706700000, 0x0000000706700000, 0x0000000706800000|  0%| F|  |TS  0|AC  0|TAMS 0x0000000706700000, 0x0000000706700000|
| 104|0x0000000706800000, 0x0000000706800000, 0x0000000706900000|  0%| F|  |TS  0|AC  0|TAMS 0x0000000706800000, 0x0000000706800000|
| 105|0x0000000706900000, 0x0000000706900000, 0x0000000706a00000|  0%| F|  |TS  0|AC  0|TAMS 0x0000000706900000, 0x0000000706900000|
| 106|0x0000000706a00000, 0x0000000706a00000, 0x0000000706b00000|  0%| F|  |TS  0|AC  0|TAMS 0x0000000706a00000, 0x0000000706a00000|
| 107|0x0000000706b00000, 0x0000000706b00000, 0x0000000706c00000|  0%| F|  |TS  0|AC  0|TAMS 0x0000000706b00000, 0x0000000706b00000|
| 108|0x0000000706c00000, 0x0000000706c00000, 0x0000000706d00000|  0%| F|  |TS  0|AC  0|TAMS 0x0000000706c00000, 0x0000000706c00000|
| 109|0x0000000706d00000, 0x0000000706d00000, 0x0000000706e00000|  0%| F|  |TS  0|AC  0|TAMS 0x0000000706d00000, 0x0000000706d00000|
| 110|0x0000000706e00000, 0x0000000706e00000, 0x0000000706f00000|  0%| F|  |TS  0|AC  0|TAMS 0x0000000706e00000, 0x0000000706e00000|
| 111|0x0000000706f00000, 0x0000000706f00000, 0x0000000707000000|  0%| F|  |TS  0|AC  0|TAMS 0x0000000706f00000, 0x0000000706f00000|
| 112|0x0000000707000000, 0x0000000707000000, 0x0000000707100000|  0%| F|  |TS  0|AC  0|TAMS 0x0000000707000000, 0x0000000707000000|
| 113|0x0000000707100000, 0x0000000707100000, 0x0000000707200000|  0%| F|  |TS  0|AC  0|TAMS 0x0000000707100000, 0x0000000707100000|
| 114|0x0000000707200000, 0x0000000707200000, 0x0000000707300000|  0%| F|  |TS  0|AC  0|TAMS 0x0000000707200000, 0x0000000707200000|
| 115|0x0000000707300000, 0x0000000707300000, 0x0000000707400000|  0%| F|  |TS  0|AC  0|TAMS 0x0000000707300000, 0x0000000707300000|
| 116|0x0000000707400000, 0x0000000707400000, 0x0000000707500000|  0%| F|  |TS  0|AC  0|TAMS 0x0000000707400000, 0x0000000707400000|
| 117|0x0000000707500000, 0x0000000707500000, 0x0000000707600000|  0%| F|  |TS  0|AC  0|TAMS 0x0000000707500000, 0x0000000707500000|
| 118|0x0000000707600000, 0x0000000707600000, 0x0000000707700000|  0%| F|  |TS  0|AC  0|TAMS 0x0000000707600000, 0x0000000707600000|
| 119|0x0000000707700000, 0x0000000707700000, 0x0000000707800000|  0%| F|  |TS  0|AC  0|TAMS 0x0000000707700000, 0x0000000707700000|
| 120|0x0000000707800000, 0x0000000707800000, 0x0000000707900000|  0%| F|  |TS  0|AC  0|TAMS 0x0000000707800000, 0x0000000707800000|
| 121|0x0000000707900000, 0x0000000707900000, 0x0000000707a00000|  0%| F|  |TS  0|AC  0|TAMS 0x0000000707900000, 0x0000000707900000|
| 122|0x0000000707a00000, 0x0000000707a00000, 0x0000000707b00000|  0%| F|  |TS  0|AC  0|TAMS 0x0000000707a00000, 0x0000000707a00000|
| 123|0x0000000707b00000, 0x0000000707b00000, 0x0000000707c00000|  0%| F|  |TS  0|AC  0|TAMS 0x0000000707b00000, 0x0000000707b00000|
| 124|0x0000000707c00000, 0x0000000707c00000, 0x0000000707d00000|  0%| F|  |TS  0|AC  0|TAMS 0x0000000707c00000, 0x0000000707c00000|
| 125|0x0000000707d00000, 0x0000000707d00000, 0x0000000707e00000|  0%| F|  |TS  0|AC  0|TAMS 0x0000000707d00000, 0x0000000707d00000|
| 126|0x0000000707e00000, 0x0000000707e00000, 0x0000000707f00000|  0%| F|  |TS  0|AC  0|TAMS 0x0000000707e00000, 0x0000000707e00000|
| 127|0x0000000707f00000, 0x0000000707f00000, 0x0000000708000000|  0%| F|  |TS  0|AC  0|TAMS 0x0000000707f00000, 0x0000000707f00000|
| 128|0x0000000708000000, 0x0000000708000000, 0x0000000708100000|  0%| F|  |TS  0|AC  0|TAMS 0x0000000708000000, 0x0000000708000000|
| 129|0x0000000708100000, 0x0000000708100000, 0x0000000708200000|  0%| F|  |TS  0|AC  0|TAMS 0x0000000708100000, 0x0000000708100000|
| 130|0x0000000708200000, 0x0000000708200000, 0x0000000708300000|  0%| F|  |TS  0|AC  0|TAMS 0x0000000708200000, 0x0000000708200000|
| 131|0x0000000708300000, 0x0000000708300000, 0x0000000708400000|  0%| F|  |TS  0|AC  0|TAMS 0x0000000708300000, 0x0000000708300000|
| 132|0x0000000708400000, 0x0000000708400000, 0x0000000708500000|  0%| F|  |TS  0|AC  0|TAMS 0x0000000708400000, 0x0000000708400000|
| 133|0x0000000708500000, 0x0000000708500000, 0x0000000708600000|  0%| F|  |TS  0|AC  0|TAMS 0x0000000708500000, 0x0000000708500000|
| 134|0x0000000708600000, 0x0000000708600000, 0x0000000708700000|  0%| F|  |TS  0|AC  0|TAMS 0x0000000708600000, 0x0000000708600000|
| 135|0x0000000708700000, 0x0000000708700000, 0x0000000708800000|  0%| F|  |TS  0|AC  0|TAMS 0x0000000708700000, 0x0000000708700000|
| 136|0x0000000708800000, 0x0000000708800000, 0x0000000708900000|  0%| F|  |TS  0|AC  0|TAMS 0x0000000708800000, 0x0000000708800000|
| 137|0x0000000708900000, 0x0000000708900000, 0x0000000708a00000|  0%| F|  |TS  0|AC  0|TAMS 0x0000000708900000, 0x0000000708900000|
| 138|0x0000000708a00000, 0x0000000708a00000, 0x0000000708b00000|  0%| F|  |TS  0|AC  0|TAMS 0x0000000708a00000, 0x0000000708a00000|
| 139|0x0000000708b00000, 0x0000000708b00000, 0x0000000708c00000|  0%| F|  |TS  0|AC  0|TAMS 0x0000000708b00000, 0x0000000708b00000|
| 140|0x0000000708c00000, 0x0000000708c00000, 0x0000000708d00000|  0%| F|  |TS  0|AC  0|TAMS 0x0000000708c00000, 0x0000000708c00000|
| 141|0x0000000708d00000, 0x0000000708d00000, 0x0000000708e00000|  0%| F|  |TS  0|AC  0|TAMS 0x0000000708d00000, 0x0000000708d00000|
| 142|0x0000000708e00000, 0x0000000708e00000, 0x0000000708f00000|  0%| F|  |TS  0|AC  0|TAMS 0x0000000708e00000, 0x0000000708e00000|
| 143|0x0000000708f00000, 0x0000000708f00000, 0x0000000709000000|  0%| F|  |TS  0|AC  0|TAMS 0x0000000708f00000, 0x0000000708f00000|
| 144|0x0000000709000000, 0x0000000709000000, 0x0000000709100000|  0%| F|  |TS  0|AC  0|TAMS 0x0000000709000000, 0x0000000709000000|
| 145|0x0000000709100000, 0x0000000709100000, 0x0000000709200000|  0%| F|  |TS  0|AC  0|TAMS 0x0000000709100000, 0x0000000709100000|
| 146|0x0000000709200000, 0x0000000709200000, 0x0000000709300000|  0%| F|  |TS  0|AC  0|TAMS 0x0000000709200000, 0x0000000709200000|
| 147|0x0000000709300000, 0x0000000709300000, 0x0000000709400000|  0%| F|  |TS  0|AC  0|TAMS 0x0000000709300000, 0x0000000709300000|
| 148|0x0000000709400000, 0x0000000709400000, 0x0000000709500000|  0%| F|  |TS  0|AC  0|TAMS 0x0000000709400000, 0x0000000709400000|
| 149|0x0000000709500000, 0x0000000709500000, 0x0000000709600000|  0%| F|  |TS  0|AC  0|TAMS 0x0000000709500000, 0x0000000709500000|
| 150|0x0000000709600000, 0x0000000709600000, 0x0000000709700000|  0%| F|  |TS  0|AC  0|TAMS 0x0000000709600000, 0x0000000709600000|
| 151|0x0000000709700000, 0x0000000709700000, 0x0000000709800000|  0%| F|  |TS  0|AC  0|TAMS 0x0000000709700000, 0x0000000709700000|
| 152|0x0000000709800000, 0x0000000709800000, 0x0000000709900000|  0%| F|  |TS  0|AC  0|TAMS 0x0000000709800000, 0x0000000709800000|
| 153|0x0000000709900000, 0x0000000709900000, 0x0000000709a00000|  0%| F|  |TS  0|AC  0|TAMS 0x0000000709900000, 0x0000000709900000|
| 154|0x0000000709a00000, 0x0000000709a00000, 0x0000000709b00000|  0%| F|  |TS  0|AC  0|TAMS 0x0000000709a00000, 0x0000000709a00000|
| 155|0x0000000709b00000, 0x0000000709b00000, 0x0000000709c00000|  0%| F|  |TS  0|AC  0|TAMS 0x0000000709b00000, 0x0000000709b00000|
| 156|0x0000000709c00000, 0x0000000709c00000, 0x0000000709d00000|  0%| F|  |TS  0|AC  0|TAMS 0x0000000709c00000, 0x0000000709c00000|
| 157|0x0000000709d00000, 0x0000000709d00000, 0x0000000709e00000|  0%| F|  |TS  0|AC  0|TAMS 0x0000000709d00000, 0x0000000709d00000|
| 158|0x0000000709e00000, 0x0000000709e00000, 0x0000000709f00000|  0%| F|  |TS  0|AC  0|TAMS 0x0000000709e00000, 0x0000000709e00000|
| 159|0x0000000709f00000, 0x0000000709f00000, 0x000000070a000000|  0%| F|  |TS  0|AC  0|TAMS 0x0000000709f00000, 0x0000000709f00000|
| 160|0x000000070a000000, 0x000000070a000000, 0x000000070a100000|  0%| F|  |TS  0|AC  0|TAMS 0x000000070a000000, 0x000000070a000000|
| 161|0x000000070a100000, 0x000000070a100000, 0x000000070a200000|  0%| F|  |TS  0|AC  0|TAMS 0x000000070a100000, 0x000000070a100000|
| 162|0x000000070a200000, 0x000000070a200000, 0x000000070a300000|  0%| F|  |TS  0|AC  0|TAMS 0x000000070a200000, 0x000000070a200000|
| 163|0x000000070a300000, 0x000000070a300000, 0x000000070a400000|  0%| F|  |TS  0|AC  0|TAMS 0x000000070a300000, 0x000000070a300000|
| 164|0x000000070a400000, 0x000000070a400000, 0x000000070a500000|  0%| F|  |TS  0|AC  0|TAMS 0x000000070a400000, 0x000000070a400000|
| 165|0x000000070a500000, 0x000000070a500000, 0x000000070a600000|  0%| F|  |TS  0|AC  0|TAMS 0x000000070a500000, 0x000000070a500000|
| 166|0x000000070a600000, 0x000000070a600000, 0x000000070a700000|  0%| F|  |TS  0|AC  0|TAMS 0x000000070a600000, 0x000000070a600000|
| 167|0x000000070a700000, 0x000000070a700000, 0x000000070a800000|  0%| F|  |TS  0|AC  0|TAMS 0x000000070a700000, 0x000000070a700000|
| 168|0x000000070a800000, 0x000000070a800000, 0x000000070a900000|  0%| F|  |TS  0|AC  0|TAMS 0x000000070a800000, 0x000000070a800000|
| 169|0x000000070a900000, 0x000000070a900000, 0x000000070aa00000|  0%| F|  |TS  0|AC  0|TAMS 0x000000070a900000, 0x000000070a900000|
| 170|0x000000070aa00000, 0x000000070aa00000, 0x000000070ab00000|  0%| F|  |TS  0|AC  0|TAMS 0x000000070aa00000, 0x000000070aa00000|
| 171|0x000000070ab00000, 0x000000070ab00000, 0x000000070ac00000|  0%| F|  |TS  0|AC  0|TAMS 0x000000070ab00000, 0x000000070ab00000|
| 172|0x000000070ac00000, 0x000000070ac00000, 0x000000070ad00000|  0%| F|  |TS  0|AC  0|TAMS 0x000000070ac00000, 0x000000070ac00000|
| 173|0x000000070ad00000, 0x000000070ad00000, 0x000000070ae00000|  0%| F|  |TS  0|AC  0|TAMS 0x000000070ad00000, 0x000000070ad00000|
| 174|0x000000070ae00000, 0x000000070ae00000, 0x000000070af00000|  0%| F|  |TS  0|AC  0|TAMS 0x000000070ae00000, 0x000000070ae00000|
| 175|0x000000070af00000, 0x000000070af00000, 0x000000070b000000|  0%| F|  |TS  0|AC  0|TAMS 0x000000070af00000, 0x000000070af00000|
| 176|0x000000070b000000, 0x000000070b000000, 0x000000070b100000|  0%| F|  |TS  0|AC  0|TAMS 0x000000070b000000, 0x000000070b000000|
| 177|0x000000070b100000, 0x000000070b100000, 0x000000070b200000|  0%| F|  |TS  0|AC  0|TAMS 0x000000070b100000, 0x000000070b100000|
| 178|0x000000070b200000, 0x000000070b200000, 0x000000070b300000|  0%| F|  |TS  0|AC  0|TAMS 0x000000070b200000, 0x000000070b200000|
| 179|0x000000070b300000, 0x000000070b300000, 0x000000070b400000|  0%| F|  |TS  0|AC  0|TAMS 0x000000070b300000, 0x000000070b300000|
| 180|0x000000070b400000, 0x000000070b400000, 0x000000070b500000|  0%| F|  |TS  0|AC  0|TAMS 0x000000070b400000, 0x000000070b400000|
| 181|0x000000070b500000, 0x000000070b500000, 0x000000070b600000|  0%| F|  |TS  0|AC  0|TAMS 0x000000070b500000, 0x000000070b500000|
| 182|0x000000070b600000, 0x000000070b600000, 0x000000070b700000|  0%| F|  |TS  0|AC  0|TAMS 0x000000070b600000, 0x000000070b600000|
| 183|0x000000070b700000, 0x000000070b700000, 0x000000070b800000|  0%| F|  |TS  0|AC  0|TAMS 0x000000070b700000, 0x000000070b700000|
| 184|0x000000070b800000, 0x000000070b800000, 0x000000070b900000|  0%| F|  |TS  0|AC  0|TAMS 0x000000070b800000, 0x000000070b800000|
| 185|0x000000070b900000, 0x000000070b900000, 0x000000070ba00000|  0%| F|  |TS  0|AC  0|TAMS 0x000000070b900000, 0x000000070b900000|
| 186|0x000000070ba00000, 0x000000070ba00000, 0x000000070bb00000|  0%| F|  |TS  0|AC  0|TAMS 0x000000070ba00000, 0x000000070ba00000|
| 187|0x000000070bb00000, 0x000000070bb00000, 0x000000070bc00000|  0%| F|  |TS  0|AC  0|TAMS 0x000000070bb00000, 0x000000070bb00000|
| 188|0x000000070bc00000, 0x000000070bc00000, 0x000000070bd00000|  0%| F|  |TS  0|AC  0|TAMS 0x000000070bc00000, 0x000000070bc00000|
| 189|0x000000070bd00000, 0x000000070bd00000, 0x000000070be00000|  0%| F|  |TS  0|AC  0|TAMS 0x000000070bd00000, 0x000000070bd00000|
| 190|0x000000070be00000, 0x000000070be00000, 0x000000070bf00000|  0%| F|  |TS  0|AC  0|TAMS 0x000000070be00000, 0x000000070be00000|
| 191|0x000000070bf00000, 0x000000070bf00000, 0x000000070c000000|  0%| F|  |TS  0|AC  0|TAMS 0x000000070bf00000, 0x000000070bf00000|
| 192|0x000000070c000000, 0x000000070c000000, 0x000000070c100000|  0%| F|  |TS  0|AC  0|TAMS 0x000000070c000000, 0x000000070c000000|
| 193|0x000000070c100000, 0x000000070c100000, 0x000000070c200000|  0%| F|  |TS  0|AC  0|TAMS 0x000000070c100000, 0x000000070c100000|
| 194|0x000000070c200000, 0x000000070c200000, 0x000000070c300000|  0%| F|  |TS  0|AC  0|TAMS 0x000000070c200000, 0x000000070c200000|
| 195|0x000000070c300000, 0x000000070c300000, 0x000000070c400000|  0%| F|  |TS  0|AC  0|TAMS 0x000000070c300000, 0x000000070c300000|
| 196|0x000000070c400000, 0x000000070c400000, 0x000000070c500000|  0%| F|  |TS  0|AC  0|TAMS 0x000000070c400000, 0x000000070c400000|
| 197|0x000000070c500000, 0x000000070c500000, 0x000000070c600000|  0%| F|  |TS  0|AC  0|TAMS 0x000000070c500000, 0x000000070c500000|
| 198|0x000000070c600000, 0x000000070c600000, 0x000000070c700000|  0%| F|  |TS  0|AC  0|TAMS 0x000000070c600000, 0x000000070c600000|
| 199|0x000000070c700000, 0x000000070c700000, 0x000000070c800000|  0%| F|  |TS  0|AC  0|TAMS 0x000000070c700000, 0x000000070c700000|
| 200|0x000000070c800000, 0x000000070c800000, 0x000000070c900000|  0%| F|  |TS  0|AC  0|TAMS 0x000000070c800000, 0x000000070c800000|
| 201|0x000000070c900000, 0x000000070c900000, 0x000000070ca00000|  0%| F|  |TS  0|AC  0|TAMS 0x000000070c900000, 0x000000070c900000|
| 202|0x000000070ca00000, 0x000000070ca00000, 0x000000070cb00000|  0%| F|  |TS  0|AC  0|TAMS 0x000000070ca00000, 0x000000070ca00000|
| 203|0x000000070cb00000, 0x000000070cb00000, 0x000000070cc00000|  0%| F|  |TS  0|AC  0|TAMS 0x000000070cb00000, 0x000000070cb00000|
| 204|0x000000070cc00000, 0x000000070cc00000, 0x000000070cd00000|  0%| F|  |TS  0|AC  0|TAMS 0x000000070cc00000, 0x000000070cc00000|
| 205|0x000000070cd00000, 0x000000070cd00000, 0x000000070ce00000|  0%| F|  |TS  0|AC  0|TAMS 0x000000070cd00000, 0x000000070cd00000|
| 206|0x000000070ce00000, 0x000000070ce00000, 0x000000070cf00000|  0%| F|  |TS  0|AC  0|TAMS 0x000000070ce00000, 0x000000070ce00000|
| 207|0x000000070cf00000, 0x000000070cf00000, 0x000000070d000000|  0%| F|  |TS  0|AC  0|TAMS 0x000000070cf00000, 0x000000070cf00000|
| 208|0x000000070d000000, 0x000000070d000000, 0x000000070d100000|  0%| F|  |TS  0|AC  0|TAMS 0x000000070d000000, 0x000000070d000000|
| 209|0x000000070d100000, 0x000000070d100000, 0x000000070d200000|  0%| F|  |TS  0|AC  0|TAMS 0x000000070d100000, 0x000000070d100000|
| 210|0x000000070d200000, 0x000000070d200000, 0x000000070d300000|  0%| F|  |TS 15|AC  0|TAMS 0x000000070d200000, 0x000000070d200000|
| 211|0x000000070d300000, 0x000000070d381a70, 0x000000070d400000| 50%| S|CS|TS 15|AC  0|TAMS 0x000000070d300000, 0x000000070d300000|
| 212|0x000000070d400000, 0x000000070d400000, 0x000000070d500000|  0%| F|  |TS 15|AC  0|TAMS 0x000000070d400000, 0x000000070d400000|
| 213|0x000000070d500000, 0x000000070d500000, 0x000000070d600000|  0%| F|  |TS 15|AC  0|TAMS 0x000000070d500000, 0x000000070d500000|
| 214|0x000000070d600000, 0x000000070d600000, 0x000000070d700000|  0%| F|  |TS 15|AC  0|TAMS 0x000000070d600000, 0x000000070d600000|
| 215|0x000000070d700000, 0x000000070d700000, 0x000000070d800000|  0%| F|  |TS 15|AC  0|TAMS 0x000000070d700000, 0x000000070d700000|
| 216|0x000000070d800000, 0x000000070d800000, 0x000000070d900000|  0%| F|  |TS 15|AC  0|TAMS 0x000000070d800000, 0x000000070d800000|
| 217|0x000000070d900000, 0x000000070d900000, 0x000000070da00000|  0%| F|  |TS 15|AC  0|TAMS 0x000000070d900000, 0x000000070d900000|
| 218|0x000000070da00000, 0x000000070da00000, 0x000000070db00000|  0%| F|  |TS 15|AC  0|TAMS 0x000000070da00000, 0x000000070da00000|
| 219|0x000000070db00000, 0x000000070db00000, 0x000000070dc00000|  0%| F|  |TS 15|AC  0|TAMS 0x000000070db00000, 0x000000070db00000|
| 220|0x000000070dc00000, 0x000000070dc00000, 0x000000070dd00000|  0%| F|  |TS 15|AC  0|TAMS 0x000000070dc00000, 0x000000070dc00000|
| 221|0x000000070dd00000, 0x000000070dd00000, 0x000000070de00000|  0%| F|  |TS 15|AC  0|TAMS 0x000000070dd00000, 0x000000070dd00000|
| 222|0x000000070de00000, 0x000000070de00000, 0x000000070df00000|  0%| F|  |TS 15|AC  0|TAMS 0x000000070de00000, 0x000000070de00000|
| 223|0x000000070df00000, 0x000000070df00000, 0x000000070e000000|  0%| F|  |TS 15|AC  0|TAMS 0x000000070df00000, 0x000000070df00000|
| 224|0x000000070e000000, 0x000000070e000000, 0x000000070e100000|  0%| F|  |TS 15|AC  0|TAMS 0x000000070e000000, 0x000000070e000000|
| 225|0x000000070e100000, 0x000000070e100000, 0x000000070e200000|  0%| F|  |TS 15|AC  0|TAMS 0x000000070e100000, 0x000000070e100000|
| 226|0x000000070e200000, 0x000000070e200000, 0x000000070e300000|  0%| F|  |TS 15|AC  0|TAMS 0x000000070e200000, 0x000000070e200000|
| 227|0x000000070e300000, 0x000000070e300000, 0x000000070e400000|  0%| F|  |TS 15|AC  0|TAMS 0x000000070e300000, 0x000000070e300000|
| 228|0x000000070e400000, 0x000000070e400000, 0x000000070e500000|  0%| F|  |TS 15|AC  0|TAMS 0x000000070e400000, 0x000000070e400000|
| 229|0x000000070e500000, 0x000000070e500000, 0x000000070e600000|  0%| F|  |TS 15|AC  0|TAMS 0x000000070e500000, 0x000000070e500000|
| 230|0x000000070e600000, 0x000000070e600000, 0x000000070e700000|  0%| F|  |TS 15|AC  0|TAMS 0x000000070e600000, 0x000000070e600000|
| 231|0x000000070e700000, 0x000000070e700000, 0x000000070e800000|  0%| F|  |TS 15|AC  0|TAMS 0x000000070e700000, 0x000000070e700000|
| 232|0x000000070e800000, 0x000000070e800000, 0x000000070e900000|  0%| F|  |TS 15|AC  0|TAMS 0x000000070e800000, 0x000000070e800000|
| 233|0x000000070e900000, 0x000000070e900000, 0x000000070ea00000|  0%| F|  |TS 15|AC  0|TAMS 0x000000070e900000, 0x000000070e900000|
| 234|0x000000070ea00000, 0x000000070eadf228, 0x000000070eb00000| 87%| E|  |TS 15|AC  0|TAMS 0x000000070ea00000, 0x000000070ea00000|
| 235|0x000000070eb00000, 0x000000070ec00000, 0x000000070ec00000|100%| E|CS|TS 15|AC  0|TAMS 0x000000070eb00000, 0x000000070eb00000|
| 236|0x000000070ec00000, 0x000000070ed00000, 0x000000070ed00000|100%| E|CS|TS 15|AC  0|TAMS 0x000000070ec00000, 0x000000070ec00000|
| 237|0x000000070ed00000, 0x000000070ee00000, 0x000000070ee00000|100%| E|CS|TS 15|AC  0|TAMS 0x000000070ed00000, 0x000000070ed00000|
| 238|0x000000070ee00000, 0x000000070ef00000, 0x000000070ef00000|100%| E|CS|TS 15|AC  0|TAMS 0x000000070ee00000, 0x000000070ee00000|
| 239|0x000000070ef00000, 0x000000070f000000, 0x000000070f000000|100%| E|CS|TS 15|AC  0|TAMS 0x000000070ef00000, 0x000000070ef00000|
| 240|0x000000070f000000, 0x000000070f100000, 0x000000070f100000|100%| E|CS|TS 15|AC  0|TAMS 0x000000070f000000, 0x000000070f000000|
| 241|0x000000070f100000, 0x000000070f200000, 0x000000070f200000|100%| E|CS|TS 15|AC  0|TAMS 0x000000070f100000, 0x000000070f100000|
| 242|0x000000070f200000, 0x000000070f300000, 0x000000070f300000|100%| E|CS|TS 15|AC  0|TAMS 0x000000070f200000, 0x000000070f200000|
| 243|0x000000070f300000, 0x000000070f400000, 0x000000070f400000|100%| E|CS|TS 15|AC  0|TAMS 0x000000070f300000, 0x000000070f300000|
| 244|0x000000070f400000, 0x000000070f500000, 0x000000070f500000|100%| E|CS|TS 15|AC  0|TAMS 0x000000070f400000, 0x000000070f400000|
| 245|0x000000070f500000, 0x000000070f600000, 0x000000070f600000|100%| E|CS|TS 15|AC  0|TAMS 0x000000070f500000, 0x000000070f500000|
| 246|0x000000070f600000, 0x000000070f700000, 0x000000070f700000|100%| E|CS|TS 15|AC  0|TAMS 0x000000070f600000, 0x000000070f600000|
| 247|0x000000070f700000, 0x000000070f800000, 0x000000070f800000|100%| E|CS|TS 15|AC  0|TAMS 0x000000070f700000, 0x000000070f700000|
| 248|0x000000070f800000, 0x000000070f900000, 0x000000070f900000|100%| E|CS|TS 15|AC  0|TAMS 0x000000070f800000, 0x000000070f800000|
| 249|0x000000070f900000, 0x000000070fa00000, 0x000000070fa00000|100%| E|CS|TS 15|AC  0|TAMS 0x000000070f900000, 0x000000070f900000|
| 250|0x000000070fa00000, 0x000000070fb00000, 0x000000070fb00000|100%| E|CS|TS 15|AC  0|TAMS 0x000000070fa00000, 0x000000070fa00000|
| 251|0x000000070fb00000, 0x000000070fc00000, 0x000000070fc00000|100%| E|CS|TS 15|AC  0|TAMS 0x000000070fb00000, 0x000000070fb00000|
| 252|0x000000070fc00000, 0x000000070fd00000, 0x000000070fd00000|100%| E|CS|TS 15|AC  0|TAMS 0x000000070fc00000, 0x000000070fc00000|
| 253|0x000000070fd00000, 0x000000070fe00000, 0x000000070fe00000|100%| E|CS|TS 15|AC  0|TAMS 0x000000070fd00000, 0x000000070fd00000|
| 254|0x000000070fe00000, 0x000000070ff00000, 0x000000070ff00000|100%| E|CS|TS 15|AC  0|TAMS 0x000000070fe00000, 0x000000070fe00000|
| 255|0x000000070ff00000, 0x0000000710000000, 0x0000000710000000|100%| E|CS|TS 15|AC  0|TAMS 0x000000070ff00000, 0x000000070ff00000|
| 256|0x0000000710000000, 0x0000000710100000, 0x0000000710100000|100%| E|CS|TS 15|AC  0|TAMS 0x0000000710000000, 0x0000000710000000|
| 257|0x0000000710100000, 0x0000000710200000, 0x0000000710200000|100%| E|CS|TS 15|AC  0|TAMS 0x0000000710100000, 0x0000000710100000|
| 258|0x0000000710200000, 0x0000000710300000, 0x0000000710300000|100%| E|CS|TS 15|AC  0|TAMS 0x0000000710200000, 0x0000000710200000|
| 259|0x0000000710300000, 0x0000000710400000, 0x0000000710400000|100%| E|CS|TS 15|AC  0|TAMS 0x0000000710300000, 0x0000000710300000|
| 260|0x0000000710400000, 0x0000000710500000, 0x0000000710500000|100%| E|CS|TS 15|AC  0|TAMS 0x0000000710400000, 0x0000000710400000|
| 261|0x0000000710500000, 0x0000000710600000, 0x0000000710600000|100%| E|CS|TS 15|AC  0|TAMS 0x0000000710500000, 0x0000000710500000|
| 262|0x0000000710600000, 0x0000000710700000, 0x0000000710700000|100%| E|CS|TS 15|AC  0|TAMS 0x0000000710600000, 0x0000000710600000|
| 263|0x0000000710700000, 0x0000000710800000, 0x0000000710800000|100%| E|CS|TS 15|AC  0|TAMS 0x0000000710700000, 0x0000000710700000|
| 264|0x0000000710800000, 0x0000000710900000, 0x0000000710900000|100%| E|CS|TS 15|AC  0|TAMS 0x0000000710800000, 0x0000000710800000|
| 265|0x0000000710900000, 0x0000000710a00000, 0x0000000710a00000|100%| E|CS|TS 15|AC  0|TAMS 0x0000000710900000, 0x0000000710900000|
| 266|0x0000000710a00000, 0x0000000710b00000, 0x0000000710b00000|100%| E|CS|TS 15|AC  0|TAMS 0x0000000710a00000, 0x0000000710a00000|
| 267|0x0000000710b00000, 0x0000000710c00000, 0x0000000710c00000|100%| E|CS|TS 15|AC  0|TAMS 0x0000000710b00000, 0x0000000710b00000|
| 268|0x0000000710c00000, 0x0000000710d00000, 0x0000000710d00000|100%| E|CS|TS 15|AC  0|TAMS 0x0000000710c00000, 0x0000000710c00000|
| 269|0x0000000710d00000, 0x0000000710e00000, 0x0000000710e00000|100%| E|CS|TS 15|AC  0|TAMS 0x0000000710d00000, 0x0000000710d00000|
| 270|0x0000000710e00000, 0x0000000710f00000, 0x0000000710f00000|100%| E|CS|TS 15|AC  0|TAMS 0x0000000710e00000, 0x0000000710e00000|

Card table byte_map: [0x0000019c1f2c0000,0x0000019c1f8c0000] byte_map_base: 0x0000019c1bac0000

Marking Bits (Prev, Next): (CMBitMap*) 0x0000019c20bf9d40, (CMBitMap*) 0x0000019c20bf9d78
 Prev Bits: [0x0000019c39a90000, 0x0000019c3ca90000)
 Next Bits: [0x0000019c3ca90000, 0x0000019c3fa90000)

Polling page: 0x0000019c164e0000

CodeHeap 'non-profiled nmethods': size=119168Kb used=22555Kb max_used=22555Kb free=96612Kb
 bounds [0x0000019c32630000, 0x0000019c33c40000, 0x0000019c39a90000]
CodeHeap 'profiled nmethods': size=119168Kb used=46247Kb max_used=46247Kb free=72920Kb
 bounds [0x0000019c2b1d0000, 0x0000019c2df50000, 0x0000019c32630000]
CodeHeap 'non-nmethods': size=7424Kb used=3475Kb max_used=3537Kb free=3948Kb
 bounds [0x0000019c2aa90000, 0x0000019c2ae10000, 0x0000019c2b1d0000]
 total_blobs=35243 nmethods=18840 adapters=1117
 compilation: enabled

Compilation events (10 events):
Event: 857.712 Thread 0x0000019c23f1c800 24132       4       sun.font.CompositeGlyphMapper::charToGlyph (19 bytes)
Event: 857.713 Thread 0x0000019c23f1c800 nmethod 24132 0x0000019c33c37510 code [0x0000019c33c376a0, 0x0000019c33c377a8]
Event: 858.064 Thread 0x0000019c196aa000 24133       3       sun.awt.im.InputMethodContext::setCompositionAreaUndecorated (16 bytes)
Event: 858.064 Thread 0x0000019c196aa000 nmethod 24133 0x0000019c2df42590 code [0x0000019c2df42760, 0x0000019c2df429f0]
Event: 858.275 Thread 0x0000019c23f24000 24134       3       ui.views.dR::caretUpdated (34 bytes)
Event: 858.275 Thread 0x0000019c23f20800 24135       3       ui.views.V.a.aw::adjustmentValueChanged (97 bytes)
Event: 858.276 Thread 0x0000019c23f20800 nmethod 24135 0x0000019c2df42b10 code [0x0000019c2df42da0, 0x0000019c2df44040]
Event: 858.276 Thread 0x0000019c23f24000 nmethod 24134 0x0000019c2df44490 code [0x0000019c2df44740, 0x0000019c2df45700]
Event: 858.442 Thread 0x0000019c23f1b000 24136       4       com.jidesoft.plaf.xerto.XertoDockableFrameUI::getMinimumSize (77 bytes)
Event: 858.447 Thread 0x0000019c23f1b000 nmethod 24136 0x0000019c33c37910 code [0x0000019c33c37b20, 0x0000019c33c38188]

GC Heap History (10 events):
Event: 851.409 GC heap before
{Heap before GC invocations=609 (full 265):
 garbage-first heap   total 277504K, used 148192K [0x0000000700000000, 0x0000000700100878, 0x00000007c0000000)
  region size 1024K, 60 young (61440K), 1 survivors (1024K)
 Metaspace       used 86327K, capacity 92961K, committed 93312K, reserved 1130496K
  class space    used 11651K, capacity 12805K, committed 12928K, reserved 1048576K
}
Event: 851.411 GC heap after
{Heap after GC invocations=610 (full 265):
 garbage-first heap   total 277504K, used 87738K [0x0000000700000000, 0x0000000700100878, 0x00000007c0000000)
  region size 1024K, 1 young (1024K), 1 survivors (1024K)
 Metaspace       used 86327K, capacity 92961K, committed 93312K, reserved 1130496K
  class space    used 11651K, capacity 12805K, committed 12928K, reserved 1048576K
}
Event: 852.540 GC heap before
{Heap before GC invocations=610 (full 265):
 garbage-first heap   total 277504K, used 148154K [0x0000000700000000, 0x0000000700100878, 0x00000007c0000000)
  region size 1024K, 60 young (61440K), 1 survivors (1024K)
 Metaspace       used 86327K, capacity 92961K, committed 93312K, reserved 1130496K
  class space    used 11651K, capacity 12805K, committed 12928K, reserved 1048576K
}
Event: 852.541 GC heap after
{Heap after GC invocations=611 (full 265):
 garbage-first heap   total 277504K, used 87728K [0x0000000700000000, 0x0000000700100878, 0x00000007c0000000)
  region size 1024K, 1 young (1024K), 1 survivors (1024K)
 Metaspace       used 86327K, capacity 92961K, committed 93312K, reserved 1130496K
  class space    used 11651K, capacity 12805K, committed 12928K, reserved 1048576K
}
Event: 854.400 GC heap before
{Heap before GC invocations=611 (full 265):
 garbage-first heap   total 277504K, used 148144K [0x0000000700000000, 0x0000000700100878, 0x00000007c0000000)
  region size 1024K, 60 young (61440K), 1 survivors (1024K)
 Metaspace       used 86328K, capacity 92961K, committed 93312K, reserved 1130496K
  class space    used 11651K, capacity 12805K, committed 12928K, reserved 1048576K
}
Event: 854.401 GC heap after
{Heap after GC invocations=612 (full 265):
 garbage-first heap   total 277504K, used 87800K [0x0000000700000000, 0x0000000700100878, 0x00000007c0000000)
  region size 1024K, 1 young (1024K), 1 survivors (1024K)
 Metaspace       used 86328K, capacity 92961K, committed 93312K, reserved 1130496K
  class space    used 11651K, capacity 12805K, committed 12928K, reserved 1048576K
}
Event: 855.332 GC heap before
{Heap before GC invocations=612 (full 265):
 garbage-first heap   total 277504K, used 148216K [0x0000000700000000, 0x0000000700100878, 0x00000007c0000000)
  region size 1024K, 60 young (61440K), 1 survivors (1024K)
 Metaspace       used 86329K, capacity 92961K, committed 93312K, reserved 1130496K
  class space    used 11651K, capacity 12805K, committed 12928K, reserved 1048576K
}
Event: 855.333 GC heap after
{Heap after GC invocations=613 (full 265):
 garbage-first heap   total 277504K, used 87790K [0x0000000700000000, 0x0000000700100878, 0x00000007c0000000)
  region size 1024K, 1 young (1024K), 1 survivors (1024K)
 Metaspace       used 86329K, capacity 92961K, committed 93312K, reserved 1130496K
  class space    used 11651K, capacity 12805K, committed 12928K, reserved 1048576K
}
Event: 857.053 GC heap before
{Heap before GC invocations=613 (full 265):
 garbage-first heap   total 277504K, used 148206K [0x0000000700000000, 0x0000000700100878, 0x00000007c0000000)
  region size 1024K, 60 young (61440K), 1 survivors (1024K)
 Metaspace       used 86333K, capacity 92961K, committed 93312K, reserved 1130496K
  class space    used 11651K, capacity 12805K, committed 12928K, reserved 1048576K
}
Event: 857.055 GC heap after
{Heap after GC invocations=614 (full 265):
 garbage-first heap   total 277504K, used 87935K [0x0000000700000000, 0x0000000700100878, 0x00000007c0000000)
  region size 1024K, 1 young (1024K), 1 survivors (1024K)
 Metaspace       used 86333K, capacity 92961K, committed 93312K, reserved 1130496K
  class space    used 11651K, capacity 12805K, committed 12928K, reserved 1048576K
}

Deoptimization events (10 events):
Event: 818.217 Thread 0x0000019c42920000 Uncommon trap: reason=class_check action=maybe_recompile pc=0x0000019c32e13444 method=java.util.HashMap.removeNode(ILjava/lang/Object;Ljava/lang/Object;ZZ)Ljava/util/HashMap$Node; @ 68 c2
Event: 818.217 Thread 0x0000019c42920000 Uncommon trap: reason=unstable_if action=reinterpret pc=0x0000019c33261018 method=ui.utils.p.x.i.processMouseMotionEvent(Ljava/awt/event/MouseEvent;)V @ 21 c2
Event: 818.219 Thread 0x0000019c42920000 Uncommon trap: reason=unstable_if action=reinterpret pc=0x0000019c33bc6e7c method=ui.views.waveform.f.j.o(Ljava/awt/dnd/DropTargetDragEvent;)Z @ 7 c2
Event: 818.219 Thread 0x0000019c42920000 Uncommon trap: reason=class_check action=maybe_recompile pc=0x0000019c33b8ec34 method=java.awt.dnd.DragSourceContext.dragOver(Ljava/awt/dnd/DragSourceDragEvent;)V @ 11 c2
Event: 818.220 Thread 0x0000019c42920000 Uncommon trap: reason=unstable_if action=reinterpret pc=0x0000019c33be9c4c method=ui.views.waveform.f.j.o(Ljava/awt/dnd/DropTargetDragEvent;)Z @ 7 c2
Event: 818.221 Thread 0x0000019c42920000 Uncommon trap: reason=class_check action=maybe_recompile pc=0x0000019c33b8ec34 method=java.awt.dnd.DragSourceContext.dragOver(Ljava/awt/dnd/DragSourceDragEvent;)V @ 11 c2
Event: 818.222 Thread 0x0000019c42920000 Uncommon trap: reason=unstable_if action=reinterpret pc=0x0000019c33bd863c method=ui.views.waveform.f.j.o(Ljava/awt/dnd/DropTargetDragEvent;)Z @ 7 c2
Event: 818.223 Thread 0x0000019c42920000 Uncommon trap: reason=class_check action=maybe_recompile pc=0x0000019c33b8ec34 method=java.awt.dnd.DragSourceContext.dragOver(Ljava/awt/dnd/DragSourceDragEvent;)V @ 11 c2
Event: 818.224 Thread 0x0000019c42920000 Uncommon trap: reason=class_check action=maybe_recompile pc=0x0000019c33b8ec34 method=java.awt.dnd.DragSourceContext.dragOver(Ljava/awt/dnd/DragSourceDragEvent;)V @ 11 c2
Event: 818.271 Thread 0x0000019c42920000 Uncommon trap: reason=unstable_if action=reinterpret pc=0x0000019c32e87bf8 method=ui.views.waveform.f.a.eL(II)Z @ 33 c2

Classes redefined (0 events):
No events

Internal exceptions (10 events):
Event: 256.039 Thread 0x0000019c42920000 Exception <a 'java/lang/NoSuchMethodError'{0x000000070e533068}: java.lang.invoke.DirectMethodHandle$Holder.invokeStatic(Ljava/lang/Object;Ljava/lang/Object;ILjava/lang/Object;I)Ljava/lang/Object;> (0x000000070e533068) thrown at [t:/workspace/hotspot/src/s
Event: 395.380 Thread 0x0000019c42920000 Implicit null exception at 0x0000019c3389258d to 0x0000019c338928b1
Event: 648.070 Thread 0x0000019c42920000 Exception <a 'java/lang/NoSuchMethodError'{0x000000070eb0fc80}: java.lang.invoke.DirectMethodHandle$Holder.invokeSpecial(Ljava/lang/Object;Ljava/lang/Object;I)V> (0x000000070eb0fc80) thrown at [t:/workspace/hotspot/src/share/vm/interpreter/linkResolver.cp
Event: 648.444 Thread 0x0000019c44040000 Exception <a 'java/lang/NoSuchMethodError'{0x000000070eba9120}: java.lang.invoke.DirectMethodHandle$Holder.invokeVirtual(Ljava/lang/Object;Ljava/lang/Object;)V> (0x000000070eba9120) thrown at [t:/workspace/hotspot/src/share/vm/interpreter/linkResolver.cpp
Event: 651.563 Thread 0x0000019c4403f800 Exception <a 'java/lang/InterruptedException'{0x000000070ec9ade0}: sleep interrupted> (0x000000070ec9ade0) thrown at [t:/workspace/hotspot/src/share/vm/prims/jvm.cpp, line 2984]
Event: 651.563 Thread 0x0000019c4403f800 Exception <a 'java/lang/InterruptedException'{0x000000070e00cc40}: sleep interrupted> (0x000000070e00cc40) thrown at [t:/workspace/hotspot/src/share/vm/prims/jvm.cpp, line 2984]
Event: 652.872 Thread 0x0000019c42920000 Implicit null exception at 0x0000019c3375bd16 to 0x0000019c33760059
Event: 652.872 Thread 0x0000019c42920000 Implicit null exception at 0x0000019c336ba43f to 0x0000019c336baf49
Event: 654.268 Thread 0x0000019c44e0b800 Exception <a 'java/lang/InterruptedException'{0x0000000710bb7740}: sleep interrupted> (0x0000000710bb7740) thrown at [t:/workspace/hotspot/src/share/vm/prims/jvm.cpp, line 3023]
Event: 739.939 Thread 0x0000019c44e0d800 Exception <a 'java/lang/InterruptedException'{0x000000070e31dba0}: sleep interrupted> (0x000000070e31dba0) thrown at [t:/workspace/hotspot/src/share/vm/prims/jvm.cpp, line 3023]

Events (10 events):
Event: 857.132 Executing VM operation: RevokeBias done
Event: 858.041 Thread 0x0000019c44e09000 Thread added: 0x0000019c44e09000
Event: 858.043 Executing VM operation: RevokeBias
Event: 858.043 Executing VM operation: RevokeBias done
Event: 858.044 Executing VM operation: BulkRevokeBias
Event: 858.044 Executing VM operation: BulkRevokeBias done
Event: 858.073 Thread 0x0000019c44e10800 Thread added: 0x0000019c44e10800
Event: 858.075 Thread 0x0000019c44e10800 Thread exited: 0x0000019c44e10800
Event: 859.068 Thread 0x0000019c44e0d000 Thread added: 0x0000019c44e0d000
Event: 859.070 Thread 0x0000019c44e0d000 Thread exited: 0x0000019c44e0d000


Dynamic libraries:
0x00007ff77f000000 - 0x00007ff77f030000 	D:\verilog\Vivado\2019.2\bin\unwrapped\win64.o\vivado.exe
0x00007ffc0a1b0000 - 0x00007ffc0a3c4000 	C:\WINDOWS\SYSTEM32\ntdll.dll
0x00007ffc087f0000 - 0x00007ffc088b4000 	C:\WINDOWS\System32\KERNEL32.DLL
0x00007ffc076d0000 - 0x00007ffc07a74000 	C:\WINDOWS\System32\KERNELBASE.dll
0x00007ffc07b10000 - 0x00007ffc07c21000 	C:\WINDOWS\System32\ucrtbase.dll
0x00007ffbc10c0000 - 0x00007ffbc114e000 	C:\WINDOWS\SYSTEM32\MSVCP140.dll
0x00007ffbfbb70000 - 0x00007ffbfbb84000 	D:\verilog\Vivado\2019.2\lib\win64.o\libboost_signals.dll
0x00007ffc08090000 - 0x00007ffc0822c000 	C:\WINDOWS\System32\ole32.dll
0x00007ffbfc500000 - 0x00007ffbfc516000 	D:\verilog\Vivado\2019.2\lib\win64.o\librdi_commonmain.dll
0x00007ffbcb3f0000 - 0x00007ffbcc333000 	D:\verilog\Vivado\2019.2\lib\win64.o\librdi_common.dll
0x00007ffc074c0000 - 0x00007ffc0755a000 	C:\WINDOWS\System32\msvcp_win.dll
0x00007ffbecd50000 - 0x00007ffbecd6b000 	C:\WINDOWS\SYSTEM32\VCRUNTIME140.dll
0x00007ffc09fc0000 - 0x00007ffc0a16a000 	C:\WINDOWS\System32\USER32.dll
0x00007ffc07e10000 - 0x00007ffc07e39000 	C:\WINDOWS\System32\GDI32.dll
0x00007ffc07490000 - 0x00007ffc074b6000 	C:\WINDOWS\System32\win32u.dll
0x00007ffc07320000 - 0x00007ffc07439000 	C:\WINDOWS\System32\gdi32full.dll
0x00007ffbf1270000 - 0x00007ffbf127c000 	C:\WINDOWS\SYSTEM32\VCRUNTIME140_1.dll
0x00007ffc09100000 - 0x00007ffc091b0000 	C:\WINDOWS\System32\ADVAPI32.dll
0x00007ffc08280000 - 0x00007ffc0860a000 	C:\WINDOWS\System32\combase.dll
0x00007ffc08e20000 - 0x00007ffc08ec7000 	C:\WINDOWS\System32\msvcrt.dll
0x00007ffbfbb40000 - 0x00007ffbfbb66000 	D:\verilog\Vivado\2019.2\lib\win64.o\libboost_filesystem.dll
0x00007ffc08fa0000 - 0x00007ffc09046000 	C:\WINDOWS\System32\sechost.dll
0x00007ffc086d0000 - 0x00007ffc087e7000 	C:\WINDOWS\System32\RPCRT4.dll
0x00007ffc096a0000 - 0x00007ffc09eb6000 	C:\WINDOWS\System32\SHELL32.dll
0x00007ffbfc8c0000 - 0x00007ffbfc8ca000 	D:\verilog\Vivado\2019.2\lib\win64.o\librdi_commonversion.dll
0x00007ffbef470000 - 0x00007ffbef611000 	D:\verilog\Vivado\2019.2\lib\win64.o\librdi_commonxillic.dll
0x00007ffc09620000 - 0x00007ffc09691000 	C:\WINDOWS\System32\WS2_32.dll
0x0000000055d50000 - 0x0000000055e7b000 	D:\verilog\Vivado\2019.2\lib\win64.o\tcl85t.dll
0x00007ffbcb080000 - 0x00007ffbcb3ee000 	D:\verilog\Vivado\2019.2\lib\win64.o\libCOIN-all.dll
0x00007ffbfbb20000 - 0x00007ffbfbb34000 	D:\verilog\Vivado\2019.2\lib\win64.o\libboost_date_time.dll
0x00007ffbfbaa0000 - 0x00007ffbfbb1f000 	D:\verilog\Vivado\2019.2\lib\win64.o\libboost_program_options.dll
0x00007ffbe0440000 - 0x00007ffbe0554000 	D:\verilog\Vivado\2019.2\lib\win64.o\libboost_regex.dll
0x00007ffbfc800000 - 0x00007ffbfc80b000 	D:\verilog\Vivado\2019.2\lib\win64.o\libboost_system.dll
0x00007ffbef440000 - 0x00007ffbef461000 	D:\verilog\Vivado\2019.2\lib\win64.o\libboost_thread.dll
0x00007ffbfc760000 - 0x00007ffbfc76f000 	D:\verilog\Vivado\2019.2\lib\win64.o\libboost_xilinx.dll
0x00007ffbd9fb0000 - 0x00007ffbda055000 	D:\verilog\Vivado\2019.2\lib\win64.o\libhdxml.dll
0x00007ffbef3b0000 - 0x00007ffbef432000 	D:\verilog\Vivado\2019.2\lib\win64.o\libhdlpsolve.dll
0x00007ffbca230000 - 0x00007ffbcae2c200 	D:\verilog\Vivado\2019.2\lib\win64.o\libisl_iostreams.dll
0x00007ffbef380000 - 0x00007ffbef3ae000 	D:\verilog\Vivado\2019.2\lib\win64.o\libisl_sysinfo.dll
0x00007ffbd2a90000 - 0x00007ffbd2af5000 	D:\verilog\Vivado\2019.2\lib\win64.o\liblmx6.0.dll
0x00007ffbfaec0000 - 0x00007ffbfaeda000 	D:\verilog\Vivado\2019.2\lib\win64.o\pthreadVC2.dll
0x00007ffbfa7d0000 - 0x00007ffbfa7ec000 	D:\verilog\Vivado\2019.2\lib\win64.o\librdiconfig.dll
0x00007ffbe49d0000 - 0x00007ffbe49f1000 	D:\verilog\Vivado\2019.2\lib\win64.o\librdizlib.dll
0x0000000012000000 - 0x0000000012270000 	D:\verilog\Vivado\2019.2\lib\win64.o\xerces-c_3_1.dll
0x00007ffbec820000 - 0x00007ffbec839000 	C:\WINDOWS\SYSTEM32\NETAPI32.dll
0x00007ffbf0d70000 - 0x00007ffbf1264000 	C:\WINDOWS\SYSTEM32\WININET.dll
0x00007ffbffc60000 - 0x00007ffbffd97000 	C:\WINDOWS\SYSTEM32\WINHTTP.dll
0x00007ffbfd010000 - 0x00007ffbfd200000 	C:\WINDOWS\SYSTEM32\urlmon.dll
0x00007ffc02720000 - 0x00007ffc02729000 	C:\WINDOWS\SYSTEM32\WSOCK32.dll
0x00007ffbc8940000 - 0x00007ffbc97d1000 	D:\verilog\Vivado\2019.2\lib\win64.o\gurobi65.dll
0x00007ffbe0400000 - 0x00007ffbe0431000 	C:\WINDOWS\SYSTEM32\VCOMP140.DLL
0x00007ffbc9f50000 - 0x00007ffbca22b000 	D:\verilog\Vivado\2019.2\lib\win64.o\libXil_lmgr11.dll
0x00007ffc06ae0000 - 0x00007ffc06b08000 	C:\WINDOWS\SYSTEM32\bcrypt.dll
0x00007ffc07f80000 - 0x00007ffc08077000 	C:\WINDOWS\System32\COMDLG32.dll
0x00007ffc09420000 - 0x00007ffc09513000 	C:\WINDOWS\System32\shcore.dll
0x00007ffc08610000 - 0x00007ffc0866e000 	C:\WINDOWS\System32\SHLWAPI.dll
0x00007ffc08d40000 - 0x00007ffc08e17000 	C:\WINDOWS\System32\OLEAUT32.dll
0x00007ffbfba60000 - 0x00007ffbfba6d000 	D:\verilog\Vivado\2019.2\lib\win64.o\libboost_chrono.dll
0x00007ffbecd90000 - 0x00007ffbecdab000 	D:\verilog\Vivado\2019.2\lib\win64.o\libboost_iostreams.dll
0x00007ffc07c30000 - 0x00007ffc07c9b000 	C:\WINDOWS\System32\WINTRUST.dll
0x00007ffbe2230000 - 0x00007ffbe2255000 	D:\verilog\Vivado\2019.2\lib\win64.o\libisl_iosutils.dll
0x00007ffc07560000 - 0x00007ffc076c7000 	C:\WINDOWS\System32\CRYPT32.dll
0x00007ffbf28a0000 - 0x00007ffbf2b5c000 	C:\WINDOWS\SYSTEM32\iertutil.dll
0x00007ffbfa730000 - 0x00007ffbfa759000 	C:\WINDOWS\SYSTEM32\srvcli.dll
0x00007ffc05c30000 - 0x00007ffc05c3c000 	C:\WINDOWS\SYSTEM32\netutils.dll
0x00007ffbf1df0000 - 0x00007ffbf1ea3000 	C:\WINDOWS\WinSxS\amd64_microsoft.windows.common-controls_6595b64144ccf1df_5.82.22621.608_none_fb280a3c7926c2cc\COMCTL32.dll
0x00007ffbffaa0000 - 0x00007ffbffabf000 	C:\WINDOWS\SYSTEM32\dhcpcsvc.DLL
0x00007ffc08670000 - 0x00007ffc086a1000 	C:\WINDOWS\System32\IMM32.DLL
0x00007ffc06dc0000 - 0x00007ffc06dd2000 	C:\WINDOWS\SYSTEM32\MSASN1.dll
0x00007ffc06160000 - 0x00007ffc06178000 	C:\WINDOWS\SYSTEM32\kernel.appcore.dll
0x00007ffbc9a30000 - 0x00007ffbc9f47000 	D:\verilog\Vivado\2019.2\lib\win64.o\librdi_commontasks.dll
0x00007ffc06b20000 - 0x00007ffc06b2a000 	C:\WINDOWS\SYSTEM32\VERSION.dll
0x00007ffbc8650000 - 0x00007ffbc8933000 	D:\verilog\Vivado\2019.2\lib\win64.o\librdi_sio.dll
0x00000000550d0000 - 0x0000000055af5000 	D:\verilog\Vivado\2019.2\tps\win64\jre9.0.4\bin\server\jvm.dll
0x00007ffc095a0000 - 0x00007ffc095a8000 	C:\WINDOWS\System32\PSAPI.DLL
0x00007ffc05c40000 - 0x00007ffc05c6d000 	C:\WINDOWS\SYSTEM32\IPHLPAPI.DLL
0x00007ffbfe2c0000 - 0x00007ffbfe2f4000 	C:\WINDOWS\SYSTEM32\WINMM.dll
0x00007ffbcdce0000 - 0x00007ffbcddcf000 	C:\WINDOWS\SYSTEM32\MSVCR120.dll
0x00007ffc065e0000 - 0x00007ffc06649000 	C:\WINDOWS\SYSTEM32\MSWSOCK.DLL
0x00007ffc050f0000 - 0x00007ffc059da000 	C:\WINDOWS\SYSTEM32\windows.storage.dll
0x00007ffc04fb0000 - 0x00007ffc050ee000 	C:\WINDOWS\SYSTEM32\wintypes.dll
0x00007ffbc5bc0000 - 0x00007ffbc8305000 	D:\verilog\Vivado\2019.2\lib\win64.o\librdi_tcltasks.dll
0x00007ffbc5700000 - 0x00007ffbc5bb4000 	D:\verilog\Vivado\2019.2\lib\win64.o\librdi_bitstream.dll
0x00007ffbcaee0000 - 0x00007ffbcb07d000 	D:\verilog\Vivado\2019.2\lib\win64.o\librdi_board.dll
0x00007ffbcefd0000 - 0x00007ffbcf04b000 	D:\verilog\Vivado\2019.2\lib\win64.o\librdi_boarddep.dll
0x00007ffbc98d0000 - 0x00007ffbc9a22000 	D:\verilog\Vivado\2019.2\lib\win64.o\librdi_cd_client.dll
0x00007ffbc8560000 - 0x00007ffbc864f000 	D:\verilog\Vivado\2019.2\lib\win64.o\librdi_chipscope.dll
0x00007ffbc3a60000 - 0x00007ffbc3c20000 	D:\verilog\Vivado\2019.2\lib\win64.o\librdi_chipscopeimpl.dll
0x00007ffbc3c20000 - 0x00007ffbc56fa000 	D:\verilog\Vivado\2019.2\lib\win64.o\librdi_constraints.dll
0x00007ffbc3730000 - 0x00007ffbc3a54000 	D:\verilog\Vivado\2019.2\lib\win64.o\librdi_containers.dll
0x00007ffbace80000 - 0x00007ffbaee70000 	D:\verilog\Vivado\2019.2\lib\win64.o\librdi_coregen.dll
0x00007ffbc29f0000 - 0x00007ffbc30c9000 	D:\verilog\Vivado\2019.2\lib\win64.o\librdi_coregenipxact.dll
0x00007ffb69e30000 - 0x00007ffb7e9db000 	D:\verilog\Vivado\2019.2\lib\win64.o\librdi_device.dll
0x00007ffba8bb0000 - 0x00007ffbace7b000 	D:\verilog\Vivado\2019.2\lib\win64.o\librdi_designutils.dll
0x00007ffbc26a0000 - 0x00007ffbc29ea000 	D:\verilog\Vivado\2019.2\lib\win64.o\librdi_dlyest.dll
0x00007ffbcd560000 - 0x00007ffbcd624000 	D:\verilog\Vivado\2019.2\lib\win64.o\librdi_dsp.dll
0x00007ffbafdd0000 - 0x00007ffbb039d000 	D:\verilog\Vivado\2019.2\lib\win64.o\librdi_drc.dll
0x00007ffba8540000 - 0x00007ffba8bab000 	D:\verilog\Vivado\2019.2\lib\win64.o\librdi_filemgmt.dll
0x00007ffbc2390000 - 0x00007ffbc26a0000 	D:\verilog\Vivado\2019.2\lib\win64.o\librdi_guitools.dll
0x00007ffbc3510000 - 0x00007ffbc3730000 	D:\verilog\Vivado\2019.2\lib\win64.o\librdi_hip_devdesign.dll
0x00007ffbcdc70000 - 0x00007ffbcdcda000 	D:\verilog\Vivado\2019.2\lib\win64.o\librdi_hdf.dll
0x00007ffbc3190000 - 0x00007ffbc32d8000 	D:\verilog\Vivado\2019.2\lib\win64.o\librdi_hip_perf_analysis.dll
0x00007ffba6790000 - 0x00007ffba6dc1000 	D:\verilog\Vivado\2019.2\lib\win64.o\librdi_memdata.dll
0x00007ffba6dd0000 - 0x00007ffba853d000 	D:\verilog\Vivado\2019.2\lib\win64.o\librdi_implflow.dll
0x00007ffbcae60000 - 0x00007ffbcaed4000 	D:\verilog\Vivado\2019.2\lib\win64.o\librdi_memoryarray.dll
0x00007ffba39c0000 - 0x00007ffba678b000 	D:\verilog\Vivado\2019.2\lib\win64.o\librdi_mig.dll
0x00007ffba32d0000 - 0x00007ffba39b3000 	D:\verilog\Vivado\2019.2\lib\win64.o\librdi_netlist.dll
0x00007ffbcf370000 - 0x00007ffbcf3bc000 	D:\verilog\Vivado\2019.2\lib\win64.o\librdi_pfi.dll
0x00007ffb9dee0000 - 0x00007ffba07a7000 	D:\verilog\Vivado\2019.2\lib\win64.o\librdi_place.dll
0x00007ffbb45c0000 - 0x00007ffbb48db000 	D:\verilog\Vivado\2019.2\lib\win64.o\librdi_platform.dll
0x00007ffba2ac0000 - 0x00007ffba32cb000 	D:\verilog\Vivado\2019.2\lib\win64.o\librdi_power.dll
0x00007ffba2500000 - 0x00007ffba2aba000 	D:\verilog\Vivado\2019.2\lib\win64.o\librdi_project.dll
0x00007ffba0f40000 - 0x00007ffba1601000 	D:\verilog\Vivado\2019.2\lib\win64.o\librdi_rsb.dll
0x00007ffba1dc0000 - 0x00007ffba24f3000 	D:\verilog\Vivado\2019.2\lib\win64.o\librdi_psta.dll
0x00007ffba1990000 - 0x00007ffba1db3000 	D:\verilog\Vivado\2019.2\lib\win64.o\librdi_runs.dll
0x00007ffbc2280000 - 0x00007ffbc2388000 	D:\verilog\Vivado\2019.2\lib\win64.o\librdi_runsbase.dll
0x00007ffbafb50000 - 0x00007ffbafdc5000 	D:\verilog\Vivado\2019.2\lib\win64.o\librdi_simdata.dll
0x00007ffb89b50000 - 0x00007ffb8a9dd000 	D:\verilog\Vivado\2019.2\lib\win64.o\librdi_timing.dll
0x00007ffbc1f30000 - 0x00007ffbc20d0000 	D:\verilog\Vivado\2019.2\lib\win64.o\librdi_cd_protocol.dll
0x00007ffbbb0f0000 - 0x00007ffbbb291000 	D:\verilog\Vivado\2019.2\lib\win64.o\librdi_advchipscopeimpl.dll
0x00007ffbcf0a0000 - 0x00007ffbcf0ec000 	D:\verilog\Vivado\2019.2\lib\win64.o\libboost_serialization.dll
0x00007ffbc97f0000 - 0x00007ffbc98c7000 	D:\verilog\Vivado\2019.2\lib\win64.o\librdi_ipconfig_readwrite.dll
0x00007ffbceeb0000 - 0x00007ffbceefa000 	D:\verilog\Vivado\2019.2\lib\win64.o\librdi_noc_frameworks.dll
0x00007ffb9b700000 - 0x00007ffb9c247000 	D:\verilog\Vivado\2019.2\lib\win64.o\libverific.dll
0x00007ffbb4960000 - 0x00007ffbb4b44000 	D:\verilog\Vivado\2019.2\lib\win64.o\librdi_hip_config.dll
0x00007ffb9d570000 - 0x00007ffb9dabe000 	D:\verilog\Vivado\2019.2\lib\win64.o\librdi_xdm.dll
0x00007ffbc21e0000 - 0x00007ffbc227e000 	D:\verilog\Vivado\2019.2\lib\win64.o\libise.dll
0x00007ffbcd280000 - 0x00007ffbcd2ca000 	D:\verilog\Vivado\2019.2\lib\win64.o\librdi_wavedata_SimpleApi.dll

VM Arguments:
jvm_args: -Dsun.java2d.pmoffscreen=false -Dsun.java2d.xrender=false -Dsun.java2d.d3d=false -Dsun.awt.nopixfmt=true -Dsun.java2d.dpiaware=true -Dsun.java2d.uiScale.enabled=false -Xverify:none -Dswing.aatext=true -XX:-UsePerfData -Djdk.map.althashing.threshold=512 -XX:StringTableSize=4072 --add-opens=java.base/java.nio=ALL-UNNAMED --add-opens=java.desktop/sun.swing=ALL-UNNAMED --add-opens=java.desktop/javax.swing=ALL-UNNAMED --add-opens=java.desktop/javax.swing.tree=ALL-UNNAMED --add-opens=java.desktop/javax.swing.plaf.basic=ALL-UNNAMED --add-opens=java.desktop/javax.swing.plaf.synth=ALL-UNNAMED --add-opens=java.desktop/com.sun.awt=ALL-UNNAMED -XX:NewSize=60m -XX:MaxNewSize=60m -Xms128m -Xmx3072m -Xss5m 
java_command: <unknown>
java_class_path (initial): D:/verilog/Vivado/2019.2\lib\classes\alloy.jar;D:/verilog/Vivado/2019.2\lib\classes\autoesl-common.jar;D:/verilog/Vivado/2019.2\lib\classes\autoesl-models.jar;D:/verilog/Vivado/2019.2\lib\classes\autoesl-report.jar;D:/verilog/Vivado/2019.2\lib\classes\autopilot.scelaborator.jar;D:/verilog/Vivado/2019.2\lib\classes\autopilot.sourceprocessor.jar;D:/verilog/Vivado/2019.2\lib\classes\autopilot.tbprocessor.jar;D:/verilog/Vivado/2019.2\lib\classes\batik-anim.jar;D:/verilog/Vivado/2019.2\lib\classes\batik-awt-util.jar;D:/verilog/Vivado/2019.2\lib\classes\batik-bridge.jar;D:/verilog/Vivado/2019.2\lib\classes\batik-codec.jar;D:/verilog/Vivado/2019.2\lib\classes\batik-css.jar;D:/verilog/Vivado/2019.2\lib\classes\batik-dom.jar;D:/verilog/Vivado/2019.2\lib\classes\batik-ext.jar;D:/verilog/Vivado/2019.2\lib\classes\batik-gui-util.jar;D:/verilog/Vivado/2019.2\lib\classes\batik-gvt.jar;D:/verilog/Vivado/2019.2\lib\classes\batik-parser.jar;D:/verilog/Vivado/2019.2\lib\classes\batik-script.jar;D:/verilog/Vivado/2019.2\lib\classes\batik-svg-dom.jar;D:/verilog/Vivado/2019.2\lib\classes\batik-swing.jar;D:/verilog/Vivado/2019.2\lib\classes\batik-transcoder.jar;D:/verilog/Vivado/2019.2\lib\classes\batik-util.jar;D:/verilog/Vivado/2019.2\lib\classes\batik-xml.jar;D:/verilog/Vivado/2019.2\lib\classes\com.google.gson_2.7.0.v20170129-0911.jar;D:/verilog/Vivado/2019.2\lib\classes\com.google.guava_21.0.0.v20170206-1425.jar;D:/verilog/Vivado/2019.2\lib\classes\com.ibm.icu_4.4.2.v20110208.jar;D:/verilog/Vivado/2019.2\lib\classes\com.sigasi.hdt.connection_4.5.0.201909241521.jar;D:/verilog/Vivado/2019.2\lib\classes\com.sigasi.hdt.epl_4.5.0.201909241521.jar;D:/verilog/Vivado/2019.2\lib\classes\com.sigasi.hdt.project_4.5.0.201909241521.jar;D:/verilog/Vivado/2019.2\lib\classes\com.sigasi.hdt.readonlyfilesystem_4.5.0.201909241521.jar;D:/verilog/Vivado/2019.2\lib\classes\com.sigasi.lcm_4.5.0.201909241521.jar;D:/verilog/Vivado/2019.2\lib\classes\com.sigasi.sdk.client_4.5.0.2
Launcher Type: generic

Logging:
Log output configuration:
#0: stdout all=warning uptime,level,tags
#1: stderr all=off uptime,level,tags

Environment Variables:
JAVA_HOME=D:\Java
CLASSPATH=D:\antlr\antlr-4.12.0-complete.jar;
PATH=D:/verilog/Vivado/2019.2/bin;D:/verilog/Vivado/2019.2/lib/win64.o;D:/verilog/Vivado/2019.2/tps/win64/jre9.0.4/bin/server;D:/verilog/Vivado/2019.2/tps/win64/jre9.0.4/bin;D:/verilog/Vivado/2019.2/ids_lite/ISE/bin/nt64;D:/verilog/Vivado/2019.2/ids_lite/ISE/lib/nt64;E:\annaconda-file\condabin;C:\Program Files\Microsoft\jdk-11.0.16.101-hotspot\bin;E:\vmware\bin\;C:\WINDOWS\system32;C:\WINDOWS;C:\WINDOWS\System32\Wbem;C:\WINDOWS\System32\WindowsPowerShell\v1.0\;C:\WINDOWS\System32\OpenSSH\;C:\Program Files (x86)\dotnet\;E:\annaconda-file\Scripts;D:\Java\bin;D:\Java\jre\bin;D:\gcc\x86_64-8.1.0-release-win32-seh-rt_v6-rev0_3\mingw64\bin;D:\ffmpeg\bin;C:\Program Files (x86)\NVIDIA Corporation\PhysX\Common;C:\Program Files\NVIDIA Corporation\NVIDIA NvDLISR;D:\graph\Graphviz\bin;C:\Program Files\Git\cmd;C:\Program Files\Microsoft SQL Server\150\Tools\Binn\;C:\Program Files\Microsoft SQL Server\Client SDK\ODBC\170\Tools\Binn\;C:\Program Files\dotnet\;D:\evÂ¼ÆÁ\WinMerge;C;\Program Files\MySQL\MySQL Server 8.0\bin;D:\antlr;D:\antlr\antlr-4.9.2-complete.jar;D:\Bandizip;D:\python web\chromedriver_win32;C:\Program Files\nodejs\;C:\Users\LPJ\AppData\Local\Microsoft\WindowsApps;C:\Users\LPJ\AppData\Local\Programs\Microsoft VS Code\bin;C:\Users\LPJ\.dotnet\tools;C:\Users\LPJ\AppData\Local\GitHubDesktop\bin;;D:\clion\CLion 2023.1.1\bin;D:\PYCHARM\PyCharm Community Edition 2023.1.1\bin;D:\pycharmprofessional\PyCharm 2023.1.1\bin;D:\idea\IntelliJ IDEA 2023.1.1\bin;C:\Users\LPJ\AppData\Roaming\npm;E:\texlive\2023\bin\windows;D:/verilog/Vivado/2019.2\tps\mingw\6.2.0\win64.o\nt\bin;D:/verilog/Vivado/2019.2\tps\mingw\6.2.0\win64.o\nt\libexec\gcc\x86_64-w64-mingw32\6.2.0;D:/verilog/Vivado/2019.2\tps\win64\python-2.7.5;D:/verilog/Vivado/2019.2\tps\win64\python-2.7.5\bin;D:/verilog/Vivado/2019.2\tps\win64\python-2.7.5\lib;D:/verilog/Vivado/2019.2\tps\win64\python-2.7.5\Lib\lib-tk;D:/verilog/Vivado/2019.2\tps\win64\python-2.7.5\lib\site-packages
USERNAME=LPJ
OS=Windows_NT
PROCESSOR_IDENTIFIER=AMD64 Family 25 Model 80 Stepping 0, AuthenticAMD



---------------  S Y S T E M  ---------------

OS: Windows 10 , 64 bit Build 22621 (10.0.22621.2070)

CPU:total 16 (initial active 16) (16 cores per cpu, 1 threads per core) family 25 model 80 stepping 0, cmov, cx8, fxsr, mmx, sse, sse2, sse3, ssse3, sse4.1, sse4.2, popcnt, avx, avx2, aes, clmul, erms, mmxext, 3dnowpref, lzcnt, sse4a, tsc, tscinvbit, tscinv, bmi1

Memory: 4k page, physical 16625724k(9333996k free), swap 26062908k(15506048k free)

vm_info: Java HotSpot(TM) 64-Bit Server VM (9.0.4+11) for windows-amd64 JRE (9.0.4+11), built on Dec 20 2017 02:18:54 by "mach5one" with MS VC++ 12.0 (VS2013)

END.
